2019-12-05 22:59:21.352  INFO 11800 --- [main] com.dj.sample.App                        : Starting App v0.0.1-SNAPSHOT on LIN86000021 with PID 11800 (C:\Backup\Data -D\Apache Camel\springbootapplication\target\springbootapplication-0.0.1-SNAPSHOT.jar started by kdheeraj in C:\Backup\Data -D\Apache Camel\springbootapplication\target)
2019-12-05 22:59:21.361  INFO 11800 --- [main] com.dj.sample.App                        : No active profile set, falling back to default profiles: default
2019-12-05 22:59:24.618  INFO 11800 --- [main] o.s.b.w.embedded.tomcat.TomcatWebServer  : Tomcat initialized with port(s): 8888 (http)
2019-12-05 22:59:24.674  INFO 11800 --- [main] o.apache.catalina.core.StandardService   : Starting service [Tomcat]
2019-12-05 22:59:24.676  INFO 11800 --- [main] org.apache.catalina.core.StandardEngine  : Starting Servlet engine: [Apache Tomcat/9.0.17]
2019-12-05 22:59:24.842  INFO 11800 --- [main] o.a.c.c.C.[Tomcat].[localhost].[/]       : Initializing Spring embedded WebApplicationContext
2019-12-05 22:59:24.843 DEBUG 11800 --- [main] o.s.web.context.ContextLoader            : Published root WebApplicationContext as ServletContext attribute with name [org.springframework.web.context.WebApplicationContext.ROOT]
2019-12-05 22:59:24.844  INFO 11800 --- [main] o.s.web.context.ContextLoader            : Root WebApplicationContext: initialization completed in 3387 ms
2019-12-05 22:59:25.286 TRACE 11800 --- [main] o.s.b.w.s.ServletContextInitializerBeans : Added existing Filter initializer bean 'webMvcMetricsFilter'; order=-2147483647, resource=class path resource [org/springframework/boot/actuate/autoconfigure/metrics/web/servlet/WebMvcMetricsAutoConfiguration.class]
2019-12-05 22:59:25.286 TRACE 11800 --- [main] o.s.b.w.s.ServletContextInitializerBeans : Added existing Servlet initializer bean 'dispatcherServletRegistration'; order=2147483647, resource=class path resource [org/springframework/boot/autoconfigure/web/servlet/DispatcherServletAutoConfiguration$DispatcherServletRegistrationConfiguration.class]
2019-12-05 22:59:25.289 TRACE 11800 --- [main] o.s.b.w.s.ServletContextInitializerBeans : Added existing ServletContextInitializer initializer bean 'servletEndpointRegistrar'; order=2147483647, resource=class path resource [org/springframework/boot/actuate/autoconfigure/endpoint/web/ServletEndpointManagementContextConfiguration$WebMvcServletEndpointManagementContextConfiguration.class]
2019-12-05 22:59:25.314 TRACE 11800 --- [main] o.s.b.w.s.ServletContextInitializerBeans : Created Filter initializer for bean 'characterEncodingFilter'; order=-2147483648, resource=class path resource [org/springframework/boot/autoconfigure/web/servlet/HttpEncodingAutoConfiguration.class]
2019-12-05 22:59:25.316 TRACE 11800 --- [main] o.s.b.w.s.ServletContextInitializerBeans : Created Filter initializer for bean 'hiddenHttpMethodFilter'; order=-10000, resource=class path resource [org/springframework/boot/autoconfigure/web/servlet/WebMvcAutoConfiguration.class]
2019-12-05 22:59:25.317 TRACE 11800 --- [main] o.s.b.w.s.ServletContextInitializerBeans : Created Filter initializer for bean 'formContentFilter'; order=-9900, resource=class path resource [org/springframework/boot/autoconfigure/web/servlet/WebMvcAutoConfiguration.class]
2019-12-05 22:59:25.318 TRACE 11800 --- [main] o.s.b.w.s.ServletContextInitializerBeans : Created Filter initializer for bean 'requestContextFilter'; order=-105, resource=class path resource [org/springframework/boot/autoconfigure/web/servlet/WebMvcAutoConfiguration$WebMvcAutoConfigurationAdapter.class]
2019-12-05 22:59:25.319 TRACE 11800 --- [main] o.s.b.w.s.ServletContextInitializerBeans : Created Filter initializer for bean 'httpTraceFilter'; order=2147483637, resource=class path resource [org/springframework/boot/actuate/autoconfigure/trace/http/HttpTraceAutoConfiguration$ServletTraceFilterConfiguration.class]
2019-12-05 22:59:25.340 DEBUG 11800 --- [main] o.s.b.w.s.ServletContextInitializerBeans : Mapping filters: filterRegistrationBean urls=[/*], characterEncodingFilter urls=[/*], hiddenHttpMethodFilter urls=[/*], formContentFilter urls=[/*], requestContextFilter urls=[/*], httpTraceFilter urls=[/*]
2019-12-05 22:59:25.341 DEBUG 11800 --- [main] o.s.b.w.s.ServletContextInitializerBeans : Mapping servlets: dispatcherServlet urls=[/]
2019-12-05 22:59:25.627 TRACE 11800 --- [main] o.s.w.s.handler.SimpleUrlHandlerMapping  : Mapped [/**/favicon.ico] onto ResourceHttpRequestHandler [class path resource [META-INF/resources/], class path resource [resources/], class path resource [static/], class path resource [public/], ServletContext resource [/], class path resource []]
2019-12-05 22:59:25.630 DEBUG 11800 --- [main] o.s.w.s.handler.SimpleUrlHandlerMapping  : Patterns [/**/favicon.ico] in 'faviconHandlerMapping'
2019-12-05 22:59:25.820  INFO 11800 --- [main] o.s.s.concurrent.ThreadPoolTaskExecutor  : Initializing ExecutorService 'applicationTaskExecutor'
2019-12-05 22:59:25.848 DEBUG 11800 --- [main] s.w.s.m.m.a.RequestMappingHandlerAdapter : ControllerAdvice beans: 0 @ModelAttribute, 0 @InitBinder, 1 RequestBodyAdvice, 1 ResponseBodyAdvice
2019-12-05 22:59:25.958 TRACE 11800 --- [main] s.w.s.m.m.a.RequestMappingHandlerMapping : 
	c.d.s.c.DjController:
	{GET /springboot/Message}: getMessage()
2019-12-05 22:59:25.968 TRACE 11800 --- [main] s.w.s.m.m.a.RequestMappingHandlerMapping : 
	o.s.b.a.w.s.e.BasicErrorController:
	{ /error}: error(HttpServletRequest)
	{ /error, produces [text/html]}: errorHtml(HttpServletRequest,HttpServletResponse)
2019-12-05 22:59:25.983 DEBUG 11800 --- [main] s.w.s.m.m.a.RequestMappingHandlerMapping : 3 mappings in 'requestMappingHandlerMapping'
2019-12-05 22:59:26.005 DEBUG 11800 --- [main] o.s.w.s.h.BeanNameUrlHandlerMapping      : Detected 0 mappings in 'beanNameHandlerMapping'
2019-12-05 22:59:26.025 TRACE 11800 --- [main] o.s.w.s.handler.SimpleUrlHandlerMapping  : Mapped [/webjars/**] onto ResourceHttpRequestHandler ["classpath:/META-INF/resources/webjars/"]
2019-12-05 22:59:26.028 TRACE 11800 --- [main] o.s.w.s.handler.SimpleUrlHandlerMapping  : Mapped [/**] onto ResourceHttpRequestHandler ["classpath:/META-INF/resources/", "classpath:/resources/", "classpath:/static/", "classpath:/public/", "/"]
2019-12-05 22:59:26.032 DEBUG 11800 --- [main] o.s.w.s.handler.SimpleUrlHandlerMapping  : Patterns [/webjars/**, /**] in 'resourceHandlerMapping'
2019-12-05 22:59:26.055 DEBUG 11800 --- [main] .m.m.a.ExceptionHandlerExceptionResolver : ControllerAdvice beans: 0 @ExceptionHandler, 1 ResponseBodyAdvice
2019-12-05 22:59:26.370  INFO 11800 --- [main] o.s.b.a.e.web.EndpointLinksResolver      : Exposing 16 endpoint(s) beneath base path '/actuator'
2019-12-05 22:59:26.385 TRACE 11800 --- [main] s.b.a.e.w.s.WebMvcEndpointHandlerMapping : Register "{GET /actuator/auditevents, produces [application/vnd.spring-boot.actuator.v2+json || application/json]}" to public java.lang.Object org.springframework.boot.actuate.endpoint.web.servlet.AbstractWebMvcEndpointHandlerMapping$OperationHandler.handle(javax.servlet.http.HttpServletRequest,java.util.Map<java.lang.String, java.lang.String>)
2019-12-05 22:59:26.388 TRACE 11800 --- [main] s.b.a.e.w.s.WebMvcEndpointHandlerMapping : Register "{GET /actuator/beans, produces [application/vnd.spring-boot.actuator.v2+json || application/json]}" to public java.lang.Object org.springframework.boot.actuate.endpoint.web.servlet.AbstractWebMvcEndpointHandlerMapping$OperationHandler.handle(javax.servlet.http.HttpServletRequest,java.util.Map<java.lang.String, java.lang.String>)
2019-12-05 22:59:26.393 TRACE 11800 --- [main] s.b.a.e.w.s.WebMvcEndpointHandlerMapping : Register "{GET /actuator/caches/{cache}, produces [application/vnd.spring-boot.actuator.v2+json || application/json]}" to public java.lang.Object org.springframework.boot.actuate.endpoint.web.servlet.AbstractWebMvcEndpointHandlerMapping$OperationHandler.handle(javax.servlet.http.HttpServletRequest,java.util.Map<java.lang.String, java.lang.String>)
2019-12-05 22:59:26.402 TRACE 11800 --- [main] s.b.a.e.w.s.WebMvcEndpointHandlerMapping : Register "{DELETE /actuator/caches/{cache}, produces [application/vnd.spring-boot.actuator.v2+json || application/json]}" to public java.lang.Object org.springframework.boot.actuate.endpoint.web.servlet.AbstractWebMvcEndpointHandlerMapping$OperationHandler.handle(javax.servlet.http.HttpServletRequest,java.util.Map<java.lang.String, java.lang.String>)
2019-12-05 22:59:26.405 TRACE 11800 --- [main] s.b.a.e.w.s.WebMvcEndpointHandlerMapping : Register "{DELETE /actuator/caches}" to public java.lang.Object org.springframework.boot.actuate.endpoint.web.servlet.AbstractWebMvcEndpointHandlerMapping$OperationHandler.handle(javax.servlet.http.HttpServletRequest,java.util.Map<java.lang.String, java.lang.String>)
2019-12-05 22:59:26.409 TRACE 11800 --- [main] s.b.a.e.w.s.WebMvcEndpointHandlerMapping : Register "{GET /actuator/caches, produces [application/vnd.spring-boot.actuator.v2+json || application/json]}" to public java.lang.Object org.springframework.boot.actuate.endpoint.web.servlet.AbstractWebMvcEndpointHandlerMapping$OperationHandler.handle(javax.servlet.http.HttpServletRequest,java.util.Map<java.lang.String, java.lang.String>)
2019-12-05 22:59:26.420 TRACE 11800 --- [main] s.b.a.e.w.s.WebMvcEndpointHandlerMapping : Register "{GET /actuator/health/{component}/{instance}, produces [application/vnd.spring-boot.actuator.v2+json || application/json]}" to public java.lang.Object org.springframework.boot.actuate.endpoint.web.servlet.AbstractWebMvcEndpointHandlerMapping$OperationHandler.handle(javax.servlet.http.HttpServletRequest,java.util.Map<java.lang.String, java.lang.String>)
2019-12-05 22:59:26.422 TRACE 11800 --- [main] s.b.a.e.w.s.WebMvcEndpointHandlerMapping : Register "{GET /actuator/health/{component}, produces [application/vnd.spring-boot.actuator.v2+json || application/json]}" to public java.lang.Object org.springframework.boot.actuate.endpoint.web.servlet.AbstractWebMvcEndpointHandlerMapping$OperationHandler.handle(javax.servlet.http.HttpServletRequest,java.util.Map<java.lang.String, java.lang.String>)
2019-12-05 22:59:26.424 TRACE 11800 --- [main] s.b.a.e.w.s.WebMvcEndpointHandlerMapping : Register "{GET /actuator/health, produces [application/vnd.spring-boot.actuator.v2+json || application/json]}" to public java.lang.Object org.springframework.boot.actuate.endpoint.web.servlet.AbstractWebMvcEndpointHandlerMapping$OperationHandler.handle(javax.servlet.http.HttpServletRequest,java.util.Map<java.lang.String, java.lang.String>)
2019-12-05 22:59:26.427 TRACE 11800 --- [main] s.b.a.e.w.s.WebMvcEndpointHandlerMapping : Register "{GET /actuator/conditions, produces [application/vnd.spring-boot.actuator.v2+json || application/json]}" to public java.lang.Object org.springframework.boot.actuate.endpoint.web.servlet.AbstractWebMvcEndpointHandlerMapping$OperationHandler.handle(javax.servlet.http.HttpServletRequest,java.util.Map<java.lang.String, java.lang.String>)
2019-12-05 22:59:26.440 TRACE 11800 --- [main] s.b.a.e.w.s.WebMvcEndpointHandlerMapping : Register "{GET /actuator/configprops, produces [application/vnd.spring-boot.actuator.v2+json || application/json]}" to public java.lang.Object org.springframework.boot.actuate.endpoint.web.servlet.AbstractWebMvcEndpointHandlerMapping$OperationHandler.handle(javax.servlet.http.HttpServletRequest,java.util.Map<java.lang.String, java.lang.String>)
2019-12-05 22:59:26.442 TRACE 11800 --- [main] s.b.a.e.w.s.WebMvcEndpointHandlerMapping : Register "{GET /actuator/env, produces [application/vnd.spring-boot.actuator.v2+json || application/json]}" to public java.lang.Object org.springframework.boot.actuate.endpoint.web.servlet.AbstractWebMvcEndpointHandlerMapping$OperationHandler.handle(javax.servlet.http.HttpServletRequest,java.util.Map<java.lang.String, java.lang.String>)
2019-12-05 22:59:26.444 TRACE 11800 --- [main] s.b.a.e.w.s.WebMvcEndpointHandlerMapping : Register "{GET /actuator/env/{toMatch}, produces [application/vnd.spring-boot.actuator.v2+json || application/json]}" to public java.lang.Object org.springframework.boot.actuate.endpoint.web.servlet.AbstractWebMvcEndpointHandlerMapping$OperationHandler.handle(javax.servlet.http.HttpServletRequest,java.util.Map<java.lang.String, java.lang.String>)
2019-12-05 22:59:26.446 TRACE 11800 --- [main] s.b.a.e.w.s.WebMvcEndpointHandlerMapping : Register "{GET /actuator/info, produces [application/vnd.spring-boot.actuator.v2+json || application/json]}" to public java.lang.Object org.springframework.boot.actuate.endpoint.web.servlet.AbstractWebMvcEndpointHandlerMapping$OperationHandler.handle(javax.servlet.http.HttpServletRequest,java.util.Map<java.lang.String, java.lang.String>)
2019-12-05 22:59:26.458 TRACE 11800 --- [main] s.b.a.e.w.s.WebMvcEndpointHandlerMapping : Register "{GET /actuator/logfile, produces [text/plain;charset=UTF-8]}" to public java.lang.Object org.springframework.boot.actuate.endpoint.web.servlet.AbstractWebMvcEndpointHandlerMapping$OperationHandler.handle(javax.servlet.http.HttpServletRequest,java.util.Map<java.lang.String, java.lang.String>)
2019-12-05 22:59:26.463 TRACE 11800 --- [main] s.b.a.e.w.s.WebMvcEndpointHandlerMapping : Register "{GET /actuator/loggers, produces [application/vnd.spring-boot.actuator.v2+json || application/json]}" to public java.lang.Object org.springframework.boot.actuate.endpoint.web.servlet.AbstractWebMvcEndpointHandlerMapping$OperationHandler.handle(javax.servlet.http.HttpServletRequest,java.util.Map<java.lang.String, java.lang.String>)
2019-12-05 22:59:26.470 TRACE 11800 --- [main] s.b.a.e.w.s.WebMvcEndpointHandlerMapping : Register "{GET /actuator/loggers/{name}, produces [application/vnd.spring-boot.actuator.v2+json || application/json]}" to public java.lang.Object org.springframework.boot.actuate.endpoint.web.servlet.AbstractWebMvcEndpointHandlerMapping$OperationHandler.handle(javax.servlet.http.HttpServletRequest,java.util.Map<java.lang.String, java.lang.String>)
2019-12-05 22:59:26.477 TRACE 11800 --- [main] s.b.a.e.w.s.WebMvcEndpointHandlerMapping : Register "{POST /actuator/loggers/{name}, consumes [application/vnd.spring-boot.actuator.v2+json || application/json]}" to public java.lang.Object org.springframework.boot.actuate.endpoint.web.servlet.AbstractWebMvcEndpointHandlerMapping$OperationHandler.handle(javax.servlet.http.HttpServletRequest,java.util.Map<java.lang.String, java.lang.String>)
2019-12-05 22:59:26.483 TRACE 11800 --- [main] s.b.a.e.w.s.WebMvcEndpointHandlerMapping : Register "{GET /actuator/heapdump, produces [application/octet-stream]}" to public java.lang.Object org.springframework.boot.actuate.endpoint.web.servlet.AbstractWebMvcEndpointHandlerMapping$OperationHandler.handle(javax.servlet.http.HttpServletRequest,java.util.Map<java.lang.String, java.lang.String>)
2019-12-05 22:59:26.486 TRACE 11800 --- [main] s.b.a.e.w.s.WebMvcEndpointHandlerMapping : Register "{GET /actuator/threaddump, produces [application/vnd.spring-boot.actuator.v2+json || application/json]}" to public java.lang.Object org.springframework.boot.actuate.endpoint.web.servlet.AbstractWebMvcEndpointHandlerMapping$OperationHandler.handle(javax.servlet.http.HttpServletRequest,java.util.Map<java.lang.String, java.lang.String>)
2019-12-05 22:59:26.489 TRACE 11800 --- [main] s.b.a.e.w.s.WebMvcEndpointHandlerMapping : Register "{GET /actuator/metrics, produces [application/vnd.spring-boot.actuator.v2+json || application/json]}" to public java.lang.Object org.springframework.boot.actuate.endpoint.web.servlet.AbstractWebMvcEndpointHandlerMapping$OperationHandler.handle(javax.servlet.http.HttpServletRequest,java.util.Map<java.lang.String, java.lang.String>)
2019-12-05 22:59:26.503 TRACE 11800 --- [main] s.b.a.e.w.s.WebMvcEndpointHandlerMapping : Register "{GET /actuator/metrics/{requiredMetricName}, produces [application/vnd.spring-boot.actuator.v2+json || application/json]}" to public java.lang.Object org.springframework.boot.actuate.endpoint.web.servlet.AbstractWebMvcEndpointHandlerMapping$OperationHandler.handle(javax.servlet.http.HttpServletRequest,java.util.Map<java.lang.String, java.lang.String>)
2019-12-05 22:59:26.506 TRACE 11800 --- [main] s.b.a.e.w.s.WebMvcEndpointHandlerMapping : Register "{GET /actuator/scheduledtasks, produces [application/vnd.spring-boot.actuator.v2+json || application/json]}" to public java.lang.Object org.springframework.boot.actuate.endpoint.web.servlet.AbstractWebMvcEndpointHandlerMapping$OperationHandler.handle(javax.servlet.http.HttpServletRequest,java.util.Map<java.lang.String, java.lang.String>)
2019-12-05 22:59:26.507 TRACE 11800 --- [main] s.b.a.e.w.s.WebMvcEndpointHandlerMapping : Register "{GET /actuator/httptrace, produces [application/vnd.spring-boot.actuator.v2+json || application/json]}" to public java.lang.Object org.springframework.boot.actuate.endpoint.web.servlet.AbstractWebMvcEndpointHandlerMapping$OperationHandler.handle(javax.servlet.http.HttpServletRequest,java.util.Map<java.lang.String, java.lang.String>)
2019-12-05 22:59:26.511 TRACE 11800 --- [main] s.b.a.e.w.s.WebMvcEndpointHandlerMapping : Register "{GET /actuator/mappings, produces [application/vnd.spring-boot.actuator.v2+json || application/json]}" to public java.lang.Object org.springframework.boot.actuate.endpoint.web.servlet.AbstractWebMvcEndpointHandlerMapping$OperationHandler.handle(javax.servlet.http.HttpServletRequest,java.util.Map<java.lang.String, java.lang.String>)
2019-12-05 22:59:26.525 TRACE 11800 --- [main] s.b.a.e.w.s.WebMvcEndpointHandlerMapping : Register "{GET /actuator, produces [application/vnd.spring-boot.actuator.v2+json || application/json]}" to public java.util.Map<java.lang.String, java.util.Map<java.lang.String, org.springframework.boot.actuate.endpoint.web.Link>> org.springframework.boot.actuate.endpoint.web.servlet.WebMvcEndpointHandlerMapping$WebMvcLinksHandler.links(javax.servlet.http.HttpServletRequest,javax.servlet.http.HttpServletResponse)
2019-12-05 22:59:26.650  INFO 11800 --- [main] o.s.b.w.embedded.tomcat.TomcatWebServer  : Tomcat started on port(s): 8888 (http) with context path ''
2019-12-05 22:59:26.664  INFO 11800 --- [main] com.dj.sample.App                        : Started App in 6.259 seconds (JVM running for 7.354)
2019-12-05 22:59:38.095  INFO 11800 --- [http-nio-8888-exec-1] o.a.c.c.C.[Tomcat].[localhost].[/]       : Initializing Spring DispatcherServlet 'dispatcherServlet'
2019-12-05 22:59:38.096  INFO 11800 --- [http-nio-8888-exec-1] o.s.web.servlet.DispatcherServlet        : Initializing Servlet 'dispatcherServlet'
2019-12-05 22:59:38.105 TRACE 11800 --- [http-nio-8888-exec-1] o.s.web.servlet.DispatcherServlet        : Detected org.springframework.web.multipart.support.StandardServletMultipartResolver@20102d11
2019-12-05 22:59:38.108 TRACE 11800 --- [http-nio-8888-exec-1] o.s.web.servlet.DispatcherServlet        : No LocaleResolver 'localeResolver': using default [AcceptHeaderLocaleResolver]
2019-12-05 22:59:38.111 TRACE 11800 --- [http-nio-8888-exec-1] o.s.web.servlet.DispatcherServlet        : No ThemeResolver 'themeResolver': using default [FixedThemeResolver]
2019-12-05 22:59:38.126 TRACE 11800 --- [http-nio-8888-exec-1] o.s.web.servlet.DispatcherServlet        : No RequestToViewNameTranslator 'viewNameTranslator': using default [DefaultRequestToViewNameTranslator]
2019-12-05 22:59:38.143 TRACE 11800 --- [http-nio-8888-exec-1] o.s.web.servlet.DispatcherServlet        : No FlashMapManager 'flashMapManager': using default [SessionFlashMapManager]
2019-12-05 22:59:38.147 DEBUG 11800 --- [http-nio-8888-exec-1] o.s.web.servlet.DispatcherServlet        : enableLoggingRequestDetails='false': request parameters and headers will be masked to prevent unsafe logging of potentially sensitive data
2019-12-05 22:59:38.156  INFO 11800 --- [http-nio-8888-exec-1] o.s.web.servlet.DispatcherServlet        : Completed initialization in 51 ms
2019-12-05 22:59:38.231 TRACE 11800 --- [http-nio-8888-exec-1] o.s.web.servlet.DispatcherServlet        : GET "/springboot/Message", parameters={}, headers={masked} in DispatcherServlet 'dispatcherServlet'
2019-12-05 22:59:38.281 TRACE 11800 --- [http-nio-8888-exec-1] s.w.s.m.m.a.RequestMappingHandlerMapping : Mapped to public java.lang.String com.dj.sample.controller.DjController.getMessage()
2019-12-05 22:59:38.319 TRACE 11800 --- [http-nio-8888-exec-1] .w.s.m.m.a.ServletInvocableHandlerMethod : Arguments: []
2019-12-05 22:59:38.357 DEBUG 11800 --- [http-nio-8888-exec-1] m.m.a.RequestResponseBodyMethodProcessor : Using 'text/html', given [text/html, application/xhtml+xml, image/webp, image/apng, application/signed-exchange;v=b3, application/xml;q=0.9, */*;q=0.8] and supported [text/plain, */*, text/plain, */*, application/json, application/*+json, application/json, application/*+json]
2019-12-05 22:59:38.360 TRACE 11800 --- [http-nio-8888-exec-1] m.m.a.RequestResponseBodyMethodProcessor : Writing ["Welcome to Spring Boot Application"]
2019-12-05 22:59:38.386 TRACE 11800 --- [http-nio-8888-exec-1] o.s.web.servlet.DispatcherServlet        : No view rendering, null ModelAndView returned.
2019-12-05 22:59:38.388 DEBUG 11800 --- [http-nio-8888-exec-1] o.s.web.servlet.DispatcherServlet        : Completed 200 OK, headers={masked}
2019-12-05 23:12:21.413 TRACE 11800 --- [http-nio-8888-exec-4] o.s.web.servlet.DispatcherServlet        : GET "/springboot/Message", parameters={}, headers={masked} in DispatcherServlet 'dispatcherServlet'
2019-12-05 23:12:21.428 TRACE 11800 --- [http-nio-8888-exec-4] s.w.s.m.m.a.RequestMappingHandlerMapping : Mapped to public java.lang.String com.dj.sample.controller.DjController.getMessage()
2019-12-05 23:12:21.442 TRACE 11800 --- [http-nio-8888-exec-4] .w.s.m.m.a.ServletInvocableHandlerMethod : Arguments: []
2019-12-05 23:12:21.450 DEBUG 11800 --- [http-nio-8888-exec-4] m.m.a.RequestResponseBodyMethodProcessor : Using 'text/html', given [text/html, application/xhtml+xml, image/webp, image/apng, application/signed-exchange;v=b3, application/xml;q=0.9, */*;q=0.8] and supported [text/plain, */*, text/plain, */*, application/json, application/*+json, application/json, application/*+json]
2019-12-05 23:12:21.452 TRACE 11800 --- [http-nio-8888-exec-4] m.m.a.RequestResponseBodyMethodProcessor : Writing ["Welcome to Spring Boot Application"]
2019-12-05 23:12:21.464 TRACE 11800 --- [http-nio-8888-exec-4] o.s.web.servlet.DispatcherServlet        : No view rendering, null ModelAndView returned.
2019-12-05 23:12:21.466 DEBUG 11800 --- [http-nio-8888-exec-4] o.s.web.servlet.DispatcherServlet        : Completed 200 OK, headers={masked}
