2019-12-06 12:03:20.315  INFO 20668 --- [restartedMain] com.dj.sample.App                        : Starting App on LIN86000021 with PID 20668 (started by kdheeraj in C:\Backup\Data -D\Apache Camel\springbootapplication)
2019-12-06 12:03:20.330  INFO 20668 --- [restartedMain] com.dj.sample.App                        : No active profile set, falling back to default profiles: default
2019-12-06 12:03:20.406  INFO 20668 --- [restartedMain] .e.DevToolsPropertyDefaultsPostProcessor : Devtools property defaults active! Set 'spring.devtools.add-properties' to 'false' to disable
2019-12-06 12:03:22.517  INFO 20668 --- [restartedMain] o.s.b.w.embedded.tomcat.TomcatWebServer  : Tomcat initialized with port(s): 8888 (http)
2019-12-06 12:03:22.547  INFO 20668 --- [restartedMain] o.apache.catalina.core.StandardService   : Starting service [Tomcat]
2019-12-06 12:03:22.548  INFO 20668 --- [restartedMain] org.apache.catalina.core.StandardEngine  : Starting Servlet engine: [Apache Tomcat/9.0.17]
2019-12-06 12:03:22.696  INFO 20668 --- [restartedMain] o.a.c.c.C.[Tomcat].[localhost].[/]       : Initializing Spring embedded WebApplicationContext
2019-12-06 12:03:22.697 DEBUG 20668 --- [restartedMain] o.s.web.context.ContextLoader            : Published root WebApplicationContext as ServletContext attribute with name [org.springframework.web.context.WebApplicationContext.ROOT]
2019-12-06 12:03:22.697  INFO 20668 --- [restartedMain] o.s.web.context.ContextLoader            : Root WebApplicationContext: initialization completed in 2291 ms
2019-12-06 12:03:23.034 TRACE 20668 --- [restartedMain] o.s.b.w.s.ServletContextInitializerBeans : Added existing Filter initializer bean 'webMvcMetricsFilter'; order=-2147483647, resource=class path resource [org/springframework/boot/actuate/autoconfigure/metrics/web/servlet/WebMvcMetricsAutoConfiguration.class]
2019-12-06 12:03:23.035 TRACE 20668 --- [restartedMain] o.s.b.w.s.ServletContextInitializerBeans : Added existing Servlet initializer bean 'dispatcherServletRegistration'; order=2147483647, resource=class path resource [org/springframework/boot/autoconfigure/web/servlet/DispatcherServletAutoConfiguration$DispatcherServletRegistrationConfiguration.class]
2019-12-06 12:03:23.036 TRACE 20668 --- [restartedMain] o.s.b.w.s.ServletContextInitializerBeans : Added existing ServletContextInitializer initializer bean 'servletEndpointRegistrar'; order=2147483647, resource=class path resource [org/springframework/boot/actuate/autoconfigure/endpoint/web/ServletEndpointManagementContextConfiguration$WebMvcServletEndpointManagementContextConfiguration.class]
2019-12-06 12:03:23.055 TRACE 20668 --- [restartedMain] o.s.b.w.s.ServletContextInitializerBeans : Created Filter initializer for bean 'characterEncodingFilter'; order=-2147483648, resource=class path resource [org/springframework/boot/autoconfigure/web/servlet/HttpEncodingAutoConfiguration.class]
2019-12-06 12:03:23.056 TRACE 20668 --- [restartedMain] o.s.b.w.s.ServletContextInitializerBeans : Created Filter initializer for bean 'hiddenHttpMethodFilter'; order=-10000, resource=class path resource [org/springframework/boot/autoconfigure/web/servlet/WebMvcAutoConfiguration.class]
2019-12-06 12:03:23.056 TRACE 20668 --- [restartedMain] o.s.b.w.s.ServletContextInitializerBeans : Created Filter initializer for bean 'formContentFilter'; order=-9900, resource=class path resource [org/springframework/boot/autoconfigure/web/servlet/WebMvcAutoConfiguration.class]
2019-12-06 12:03:23.056 TRACE 20668 --- [restartedMain] o.s.b.w.s.ServletContextInitializerBeans : Created Filter initializer for bean 'requestContextFilter'; order=-105, resource=class path resource [org/springframework/boot/autoconfigure/web/servlet/WebMvcAutoConfiguration$WebMvcAutoConfigurationAdapter.class]
2019-12-06 12:03:23.056 TRACE 20668 --- [restartedMain] o.s.b.w.s.ServletContextInitializerBeans : Created Filter initializer for bean 'httpTraceFilter'; order=2147483637, resource=class path resource [org/springframework/boot/actuate/autoconfigure/trace/http/HttpTraceAutoConfiguration$ServletTraceFilterConfiguration.class]
2019-12-06 12:03:23.062 DEBUG 20668 --- [restartedMain] o.s.b.w.s.ServletContextInitializerBeans : Mapping filters: filterRegistrationBean urls=[/*], characterEncodingFilter urls=[/*], hiddenHttpMethodFilter urls=[/*], formContentFilter urls=[/*], requestContextFilter urls=[/*], httpTraceFilter urls=[/*]
2019-12-06 12:03:23.063 DEBUG 20668 --- [restartedMain] o.s.b.w.s.ServletContextInitializerBeans : Mapping servlets: dispatcherServlet urls=[/]
2019-12-06 12:03:23.168 TRACE 20668 --- [restartedMain] o.s.w.s.handler.SimpleUrlHandlerMapping  : Mapped [/**/favicon.ico] onto ResourceHttpRequestHandler [class path resource [META-INF/resources/], class path resource [resources/], class path resource [static/], class path resource [public/], ServletContext resource [/], class path resource []]
2019-12-06 12:03:23.169 DEBUG 20668 --- [restartedMain] o.s.w.s.handler.SimpleUrlHandlerMapping  : Patterns [/**/favicon.ico] in 'faviconHandlerMapping'
2019-12-06 12:03:23.327  INFO 20668 --- [restartedMain] o.s.s.concurrent.ThreadPoolTaskExecutor  : Initializing ExecutorService 'applicationTaskExecutor'
2019-12-06 12:03:23.348 DEBUG 20668 --- [restartedMain] s.w.s.m.m.a.RequestMappingHandlerAdapter : ControllerAdvice beans: 0 @ModelAttribute, 0 @InitBinder, 1 RequestBodyAdvice, 1 ResponseBodyAdvice
2019-12-06 12:03:23.417 TRACE 20668 --- [restartedMain] s.w.s.m.m.a.RequestMappingHandlerMapping : 
	c.d.s.c.DjController:
	{GET /springboot/Message}: getMessage()
2019-12-06 12:03:23.422 TRACE 20668 --- [restartedMain] s.w.s.m.m.a.RequestMappingHandlerMapping : 
	o.s.b.a.w.s.e.BasicErrorController:
	{ /error}: error(HttpServletRequest)
	{ /error, produces [text/html]}: errorHtml(HttpServletRequest,HttpServletResponse)
2019-12-06 12:03:23.431 DEBUG 20668 --- [restartedMain] s.w.s.m.m.a.RequestMappingHandlerMapping : 3 mappings in 'requestMappingHandlerMapping'
2019-12-06 12:03:23.438 DEBUG 20668 --- [restartedMain] o.s.w.s.h.BeanNameUrlHandlerMapping      : Detected 0 mappings in 'beanNameHandlerMapping'
2019-12-06 12:03:23.444 TRACE 20668 --- [restartedMain] o.s.w.s.handler.SimpleUrlHandlerMapping  : Mapped [/webjars/**] onto ResourceHttpRequestHandler ["classpath:/META-INF/resources/webjars/"]
2019-12-06 12:03:23.445 TRACE 20668 --- [restartedMain] o.s.w.s.handler.SimpleUrlHandlerMapping  : Mapped [/**] onto ResourceHttpRequestHandler ["classpath:/META-INF/resources/", "classpath:/resources/", "classpath:/static/", "classpath:/public/", "/"]
2019-12-06 12:03:23.445 DEBUG 20668 --- [restartedMain] o.s.w.s.handler.SimpleUrlHandlerMapping  : Patterns [/webjars/**, /**] in 'resourceHandlerMapping'
2019-12-06 12:03:23.459 DEBUG 20668 --- [restartedMain] .m.m.a.ExceptionHandlerExceptionResolver : ControllerAdvice beans: 0 @ExceptionHandler, 1 ResponseBodyAdvice
2019-12-06 12:03:23.692  INFO 20668 --- [restartedMain] o.s.b.d.a.OptionalLiveReloadServer       : LiveReload server is running on port 35729
2019-12-06 12:03:23.721  INFO 20668 --- [restartedMain] o.s.b.a.e.web.EndpointLinksResolver      : Exposing 16 endpoint(s) beneath base path '/actuator'
2019-12-06 12:03:23.728 TRACE 20668 --- [restartedMain] s.b.a.e.w.s.WebMvcEndpointHandlerMapping : Register "{GET /actuator/auditevents, produces [application/vnd.spring-boot.actuator.v2+json || application/json]}" to public java.lang.Object org.springframework.boot.actuate.endpoint.web.servlet.AbstractWebMvcEndpointHandlerMapping$OperationHandler.handle(javax.servlet.http.HttpServletRequest,java.util.Map<java.lang.String, java.lang.String>)
2019-12-06 12:03:23.731 TRACE 20668 --- [restartedMain] s.b.a.e.w.s.WebMvcEndpointHandlerMapping : Register "{GET /actuator/beans, produces [application/vnd.spring-boot.actuator.v2+json || application/json]}" to public java.lang.Object org.springframework.boot.actuate.endpoint.web.servlet.AbstractWebMvcEndpointHandlerMapping$OperationHandler.handle(javax.servlet.http.HttpServletRequest,java.util.Map<java.lang.String, java.lang.String>)
2019-12-06 12:03:23.732 TRACE 20668 --- [restartedMain] s.b.a.e.w.s.WebMvcEndpointHandlerMapping : Register "{GET /actuator/caches/{cache}, produces [application/vnd.spring-boot.actuator.v2+json || application/json]}" to public java.lang.Object org.springframework.boot.actuate.endpoint.web.servlet.AbstractWebMvcEndpointHandlerMapping$OperationHandler.handle(javax.servlet.http.HttpServletRequest,java.util.Map<java.lang.String, java.lang.String>)
2019-12-06 12:03:23.733 TRACE 20668 --- [restartedMain] s.b.a.e.w.s.WebMvcEndpointHandlerMapping : Register "{DELETE /actuator/caches/{cache}, produces [application/vnd.spring-boot.actuator.v2+json || application/json]}" to public java.lang.Object org.springframework.boot.actuate.endpoint.web.servlet.AbstractWebMvcEndpointHandlerMapping$OperationHandler.handle(javax.servlet.http.HttpServletRequest,java.util.Map<java.lang.String, java.lang.String>)
2019-12-06 12:03:23.734 TRACE 20668 --- [restartedMain] s.b.a.e.w.s.WebMvcEndpointHandlerMapping : Register "{GET /actuator/caches, produces [application/vnd.spring-boot.actuator.v2+json || application/json]}" to public java.lang.Object org.springframework.boot.actuate.endpoint.web.servlet.AbstractWebMvcEndpointHandlerMapping$OperationHandler.handle(javax.servlet.http.HttpServletRequest,java.util.Map<java.lang.String, java.lang.String>)
2019-12-06 12:03:23.735 TRACE 20668 --- [restartedMain] s.b.a.e.w.s.WebMvcEndpointHandlerMapping : Register "{DELETE /actuator/caches}" to public java.lang.Object org.springframework.boot.actuate.endpoint.web.servlet.AbstractWebMvcEndpointHandlerMapping$OperationHandler.handle(javax.servlet.http.HttpServletRequest,java.util.Map<java.lang.String, java.lang.String>)
2019-12-06 12:03:23.735 TRACE 20668 --- [restartedMain] s.b.a.e.w.s.WebMvcEndpointHandlerMapping : Register "{GET /actuator/health, produces [application/vnd.spring-boot.actuator.v2+json || application/json]}" to public java.lang.Object org.springframework.boot.actuate.endpoint.web.servlet.AbstractWebMvcEndpointHandlerMapping$OperationHandler.handle(javax.servlet.http.HttpServletRequest,java.util.Map<java.lang.String, java.lang.String>)
2019-12-06 12:03:23.736 TRACE 20668 --- [restartedMain] s.b.a.e.w.s.WebMvcEndpointHandlerMapping : Register "{GET /actuator/health/{component}/{instance}, produces [application/vnd.spring-boot.actuator.v2+json || application/json]}" to public java.lang.Object org.springframework.boot.actuate.endpoint.web.servlet.AbstractWebMvcEndpointHandlerMapping$OperationHandler.handle(javax.servlet.http.HttpServletRequest,java.util.Map<java.lang.String, java.lang.String>)
2019-12-06 12:03:23.737 TRACE 20668 --- [restartedMain] s.b.a.e.w.s.WebMvcEndpointHandlerMapping : Register "{GET /actuator/health/{component}, produces [application/vnd.spring-boot.actuator.v2+json || application/json]}" to public java.lang.Object org.springframework.boot.actuate.endpoint.web.servlet.AbstractWebMvcEndpointHandlerMapping$OperationHandler.handle(javax.servlet.http.HttpServletRequest,java.util.Map<java.lang.String, java.lang.String>)
2019-12-06 12:03:23.738 TRACE 20668 --- [restartedMain] s.b.a.e.w.s.WebMvcEndpointHandlerMapping : Register "{GET /actuator/conditions, produces [application/vnd.spring-boot.actuator.v2+json || application/json]}" to public java.lang.Object org.springframework.boot.actuate.endpoint.web.servlet.AbstractWebMvcEndpointHandlerMapping$OperationHandler.handle(javax.servlet.http.HttpServletRequest,java.util.Map<java.lang.String, java.lang.String>)
2019-12-06 12:03:23.738 TRACE 20668 --- [restartedMain] s.b.a.e.w.s.WebMvcEndpointHandlerMapping : Register "{GET /actuator/configprops, produces [application/vnd.spring-boot.actuator.v2+json || application/json]}" to public java.lang.Object org.springframework.boot.actuate.endpoint.web.servlet.AbstractWebMvcEndpointHandlerMapping$OperationHandler.handle(javax.servlet.http.HttpServletRequest,java.util.Map<java.lang.String, java.lang.String>)
2019-12-06 12:03:23.739 TRACE 20668 --- [restartedMain] s.b.a.e.w.s.WebMvcEndpointHandlerMapping : Register "{GET /actuator/env, produces [application/vnd.spring-boot.actuator.v2+json || application/json]}" to public java.lang.Object org.springframework.boot.actuate.endpoint.web.servlet.AbstractWebMvcEndpointHandlerMapping$OperationHandler.handle(javax.servlet.http.HttpServletRequest,java.util.Map<java.lang.String, java.lang.String>)
2019-12-06 12:03:23.739 TRACE 20668 --- [restartedMain] s.b.a.e.w.s.WebMvcEndpointHandlerMapping : Register "{GET /actuator/env/{toMatch}, produces [application/vnd.spring-boot.actuator.v2+json || application/json]}" to public java.lang.Object org.springframework.boot.actuate.endpoint.web.servlet.AbstractWebMvcEndpointHandlerMapping$OperationHandler.handle(javax.servlet.http.HttpServletRequest,java.util.Map<java.lang.String, java.lang.String>)
2019-12-06 12:03:23.740 TRACE 20668 --- [restartedMain] s.b.a.e.w.s.WebMvcEndpointHandlerMapping : Register "{GET /actuator/info, produces [application/vnd.spring-boot.actuator.v2+json || application/json]}" to public java.lang.Object org.springframework.boot.actuate.endpoint.web.servlet.AbstractWebMvcEndpointHandlerMapping$OperationHandler.handle(javax.servlet.http.HttpServletRequest,java.util.Map<java.lang.String, java.lang.String>)
2019-12-06 12:03:23.741 TRACE 20668 --- [restartedMain] s.b.a.e.w.s.WebMvcEndpointHandlerMapping : Register "{GET /actuator/logfile, produces [text/plain;charset=UTF-8]}" to public java.lang.Object org.springframework.boot.actuate.endpoint.web.servlet.AbstractWebMvcEndpointHandlerMapping$OperationHandler.handle(javax.servlet.http.HttpServletRequest,java.util.Map<java.lang.String, java.lang.String>)
2019-12-06 12:03:23.742 TRACE 20668 --- [restartedMain] s.b.a.e.w.s.WebMvcEndpointHandlerMapping : Register "{GET /actuator/loggers, produces [application/vnd.spring-boot.actuator.v2+json || application/json]}" to public java.lang.Object org.springframework.boot.actuate.endpoint.web.servlet.AbstractWebMvcEndpointHandlerMapping$OperationHandler.handle(javax.servlet.http.HttpServletRequest,java.util.Map<java.lang.String, java.lang.String>)
2019-12-06 12:03:23.743 TRACE 20668 --- [restartedMain] s.b.a.e.w.s.WebMvcEndpointHandlerMapping : Register "{GET /actuator/loggers/{name}, produces [application/vnd.spring-boot.actuator.v2+json || application/json]}" to public java.lang.Object org.springframework.boot.actuate.endpoint.web.servlet.AbstractWebMvcEndpointHandlerMapping$OperationHandler.handle(javax.servlet.http.HttpServletRequest,java.util.Map<java.lang.String, java.lang.String>)
2019-12-06 12:03:23.744 TRACE 20668 --- [restartedMain] s.b.a.e.w.s.WebMvcEndpointHandlerMapping : Register "{POST /actuator/loggers/{name}, consumes [application/vnd.spring-boot.actuator.v2+json || application/json]}" to public java.lang.Object org.springframework.boot.actuate.endpoint.web.servlet.AbstractWebMvcEndpointHandlerMapping$OperationHandler.handle(javax.servlet.http.HttpServletRequest,java.util.Map<java.lang.String, java.lang.String>)
2019-12-06 12:03:23.745 TRACE 20668 --- [restartedMain] s.b.a.e.w.s.WebMvcEndpointHandlerMapping : Register "{GET /actuator/heapdump, produces [application/octet-stream]}" to public java.lang.Object org.springframework.boot.actuate.endpoint.web.servlet.AbstractWebMvcEndpointHandlerMapping$OperationHandler.handle(javax.servlet.http.HttpServletRequest,java.util.Map<java.lang.String, java.lang.String>)
2019-12-06 12:03:23.746 TRACE 20668 --- [restartedMain] s.b.a.e.w.s.WebMvcEndpointHandlerMapping : Register "{GET /actuator/threaddump, produces [application/vnd.spring-boot.actuator.v2+json || application/json]}" to public java.lang.Object org.springframework.boot.actuate.endpoint.web.servlet.AbstractWebMvcEndpointHandlerMapping$OperationHandler.handle(javax.servlet.http.HttpServletRequest,java.util.Map<java.lang.String, java.lang.String>)
2019-12-06 12:03:23.746 TRACE 20668 --- [restartedMain] s.b.a.e.w.s.WebMvcEndpointHandlerMapping : Register "{GET /actuator/metrics, produces [application/vnd.spring-boot.actuator.v2+json || application/json]}" to public java.lang.Object org.springframework.boot.actuate.endpoint.web.servlet.AbstractWebMvcEndpointHandlerMapping$OperationHandler.handle(javax.servlet.http.HttpServletRequest,java.util.Map<java.lang.String, java.lang.String>)
2019-12-06 12:03:23.747 TRACE 20668 --- [restartedMain] s.b.a.e.w.s.WebMvcEndpointHandlerMapping : Register "{GET /actuator/metrics/{requiredMetricName}, produces [application/vnd.spring-boot.actuator.v2+json || application/json]}" to public java.lang.Object org.springframework.boot.actuate.endpoint.web.servlet.AbstractWebMvcEndpointHandlerMapping$OperationHandler.handle(javax.servlet.http.HttpServletRequest,java.util.Map<java.lang.String, java.lang.String>)
2019-12-06 12:03:23.747 TRACE 20668 --- [restartedMain] s.b.a.e.w.s.WebMvcEndpointHandlerMapping : Register "{GET /actuator/scheduledtasks, produces [application/vnd.spring-boot.actuator.v2+json || application/json]}" to public java.lang.Object org.springframework.boot.actuate.endpoint.web.servlet.AbstractWebMvcEndpointHandlerMapping$OperationHandler.handle(javax.servlet.http.HttpServletRequest,java.util.Map<java.lang.String, java.lang.String>)
2019-12-06 12:03:23.748 TRACE 20668 --- [restartedMain] s.b.a.e.w.s.WebMvcEndpointHandlerMapping : Register "{GET /actuator/httptrace, produces [application/vnd.spring-boot.actuator.v2+json || application/json]}" to public java.lang.Object org.springframework.boot.actuate.endpoint.web.servlet.AbstractWebMvcEndpointHandlerMapping$OperationHandler.handle(javax.servlet.http.HttpServletRequest,java.util.Map<java.lang.String, java.lang.String>)
2019-12-06 12:03:23.749 TRACE 20668 --- [restartedMain] s.b.a.e.w.s.WebMvcEndpointHandlerMapping : Register "{GET /actuator/mappings, produces [application/vnd.spring-boot.actuator.v2+json || application/json]}" to public java.lang.Object org.springframework.boot.actuate.endpoint.web.servlet.AbstractWebMvcEndpointHandlerMapping$OperationHandler.handle(javax.servlet.http.HttpServletRequest,java.util.Map<java.lang.String, java.lang.String>)
2019-12-06 12:03:23.751 TRACE 20668 --- [restartedMain] s.b.a.e.w.s.WebMvcEndpointHandlerMapping : Register "{GET /actuator, produces [application/vnd.spring-boot.actuator.v2+json || application/json]}" to public java.util.Map<java.lang.String, java.util.Map<java.lang.String, org.springframework.boot.actuate.endpoint.web.Link>> org.springframework.boot.actuate.endpoint.web.servlet.WebMvcEndpointHandlerMapping$WebMvcLinksHandler.links(javax.servlet.http.HttpServletRequest,javax.servlet.http.HttpServletResponse)
2019-12-06 12:03:23.961  INFO 20668 --- [restartedMain] o.s.b.w.embedded.tomcat.TomcatWebServer  : Tomcat started on port(s): 8888 (http) with context path ''
2019-12-06 12:03:23.964  INFO 20668 --- [restartedMain] com.dj.sample.App                        : Started App in 4.256 seconds (JVM running for 5.919)
2019-12-06 12:04:37.447  INFO 20668 --- [Thread-6] o.s.s.concurrent.ThreadPoolTaskExecutor  : Shutting down ExecutorService 'applicationTaskExecutor'
2019-12-06 12:04:38.157  INFO 20668 --- [restartedMain] com.dj.sample.App                        : Starting App on LIN86000021 with PID 20668 (started by kdheeraj in C:\Backup\Data -D\Apache Camel\springbootapplication)
2019-12-06 12:04:38.158  INFO 20668 --- [restartedMain] com.dj.sample.App                        : No active profile set, falling back to default profiles: default
2019-12-06 12:04:41.905  INFO 10412 --- [restartedMain] com.dj.sample.App                        : Starting App on LIN86000021 with PID 10412 (started by kdheeraj in C:\Backup\Data -D\Apache Camel\springbootapplication)
2019-12-06 12:04:41.910  INFO 10412 --- [restartedMain] com.dj.sample.App                        : No active profile set, falling back to default profiles: default
2019-12-06 12:04:41.983  INFO 10412 --- [restartedMain] .e.DevToolsPropertyDefaultsPostProcessor : Devtools property defaults active! Set 'spring.devtools.add-properties' to 'false' to disable
2019-12-06 12:04:44.300  INFO 10412 --- [restartedMain] o.s.b.w.embedded.tomcat.TomcatWebServer  : Tomcat initialized with port(s): 8888 (http)
2019-12-06 12:04:44.322  INFO 10412 --- [restartedMain] o.apache.catalina.core.StandardService   : Starting service [Tomcat]
2019-12-06 12:04:44.323  INFO 10412 --- [restartedMain] org.apache.catalina.core.StandardEngine  : Starting Servlet engine: [Apache Tomcat/9.0.17]
2019-12-06 12:04:44.486  INFO 10412 --- [restartedMain] o.a.c.c.C.[Tomcat].[localhost].[/one]    : Initializing Spring embedded WebApplicationContext
2019-12-06 12:04:44.487 DEBUG 10412 --- [restartedMain] o.s.web.context.ContextLoader            : Published root WebApplicationContext as ServletContext attribute with name [org.springframework.web.context.WebApplicationContext.ROOT]
2019-12-06 12:04:44.487  INFO 10412 --- [restartedMain] o.s.web.context.ContextLoader            : Root WebApplicationContext: initialization completed in 2504 ms
2019-12-06 12:04:44.797 TRACE 10412 --- [restartedMain] o.s.b.w.s.ServletContextInitializerBeans : Added existing Filter initializer bean 'webMvcMetricsFilter'; order=-2147483647, resource=class path resource [org/springframework/boot/actuate/autoconfigure/metrics/web/servlet/WebMvcMetricsAutoConfiguration.class]
2019-12-06 12:04:44.797 TRACE 10412 --- [restartedMain] o.s.b.w.s.ServletContextInitializerBeans : Added existing Servlet initializer bean 'dispatcherServletRegistration'; order=2147483647, resource=class path resource [org/springframework/boot/autoconfigure/web/servlet/DispatcherServletAutoConfiguration$DispatcherServletRegistrationConfiguration.class]
2019-12-06 12:04:44.798 TRACE 10412 --- [restartedMain] o.s.b.w.s.ServletContextInitializerBeans : Added existing ServletContextInitializer initializer bean 'servletEndpointRegistrar'; order=2147483647, resource=class path resource [org/springframework/boot/actuate/autoconfigure/endpoint/web/ServletEndpointManagementContextConfiguration$WebMvcServletEndpointManagementContextConfiguration.class]
2019-12-06 12:04:44.817 TRACE 10412 --- [restartedMain] o.s.b.w.s.ServletContextInitializerBeans : Created Filter initializer for bean 'characterEncodingFilter'; order=-2147483648, resource=class path resource [org/springframework/boot/autoconfigure/web/servlet/HttpEncodingAutoConfiguration.class]
2019-12-06 12:04:44.817 TRACE 10412 --- [restartedMain] o.s.b.w.s.ServletContextInitializerBeans : Created Filter initializer for bean 'hiddenHttpMethodFilter'; order=-10000, resource=class path resource [org/springframework/boot/autoconfigure/web/servlet/WebMvcAutoConfiguration.class]
2019-12-06 12:04:44.817 TRACE 10412 --- [restartedMain] o.s.b.w.s.ServletContextInitializerBeans : Created Filter initializer for bean 'formContentFilter'; order=-9900, resource=class path resource [org/springframework/boot/autoconfigure/web/servlet/WebMvcAutoConfiguration.class]
2019-12-06 12:04:44.817 TRACE 10412 --- [restartedMain] o.s.b.w.s.ServletContextInitializerBeans : Created Filter initializer for bean 'requestContextFilter'; order=-105, resource=class path resource [org/springframework/boot/autoconfigure/web/servlet/WebMvcAutoConfiguration$WebMvcAutoConfigurationAdapter.class]
2019-12-06 12:04:44.818 TRACE 10412 --- [restartedMain] o.s.b.w.s.ServletContextInitializerBeans : Created Filter initializer for bean 'httpTraceFilter'; order=2147483637, resource=class path resource [org/springframework/boot/actuate/autoconfigure/trace/http/HttpTraceAutoConfiguration$ServletTraceFilterConfiguration.class]
2019-12-06 12:04:44.823 DEBUG 10412 --- [restartedMain] o.s.b.w.s.ServletContextInitializerBeans : Mapping filters: filterRegistrationBean urls=[/*], characterEncodingFilter urls=[/*], hiddenHttpMethodFilter urls=[/*], formContentFilter urls=[/*], requestContextFilter urls=[/*], httpTraceFilter urls=[/*]
2019-12-06 12:04:44.823 DEBUG 10412 --- [restartedMain] o.s.b.w.s.ServletContextInitializerBeans : Mapping servlets: dispatcherServlet urls=[/]
2019-12-06 12:04:44.911 TRACE 10412 --- [restartedMain] o.s.w.s.handler.SimpleUrlHandlerMapping  : Mapped [/**/favicon.ico] onto ResourceHttpRequestHandler [class path resource [META-INF/resources/], class path resource [resources/], class path resource [static/], class path resource [public/], ServletContext resource [/], class path resource []]
2019-12-06 12:04:44.912 DEBUG 10412 --- [restartedMain] o.s.w.s.handler.SimpleUrlHandlerMapping  : Patterns [/**/favicon.ico] in 'faviconHandlerMapping'
2019-12-06 12:04:45.047  INFO 10412 --- [restartedMain] o.s.s.concurrent.ThreadPoolTaskExecutor  : Initializing ExecutorService 'applicationTaskExecutor'
2019-12-06 12:04:45.062 DEBUG 10412 --- [restartedMain] s.w.s.m.m.a.RequestMappingHandlerAdapter : ControllerAdvice beans: 0 @ModelAttribute, 0 @InitBinder, 1 RequestBodyAdvice, 1 ResponseBodyAdvice
2019-12-06 12:04:45.115 TRACE 10412 --- [restartedMain] s.w.s.m.m.a.RequestMappingHandlerMapping : 
	c.d.s.c.DjController:
	{GET /springboot/Message}: getMessage()
2019-12-06 12:04:45.120 TRACE 10412 --- [restartedMain] s.w.s.m.m.a.RequestMappingHandlerMapping : 
	o.s.b.a.w.s.e.BasicErrorController:
	{ /error}: error(HttpServletRequest)
	{ /error, produces [text/html]}: errorHtml(HttpServletRequest,HttpServletResponse)
2019-12-06 12:04:45.127 DEBUG 10412 --- [restartedMain] s.w.s.m.m.a.RequestMappingHandlerMapping : 3 mappings in 'requestMappingHandlerMapping'
2019-12-06 12:04:45.133 DEBUG 10412 --- [restartedMain] o.s.w.s.h.BeanNameUrlHandlerMapping      : Detected 0 mappings in 'beanNameHandlerMapping'
2019-12-06 12:04:45.139 TRACE 10412 --- [restartedMain] o.s.w.s.handler.SimpleUrlHandlerMapping  : Mapped [/webjars/**] onto ResourceHttpRequestHandler ["classpath:/META-INF/resources/webjars/"]
2019-12-06 12:04:45.139 TRACE 10412 --- [restartedMain] o.s.w.s.handler.SimpleUrlHandlerMapping  : Mapped [/**] onto ResourceHttpRequestHandler ["classpath:/META-INF/resources/", "classpath:/resources/", "classpath:/static/", "classpath:/public/", "/"]
2019-12-06 12:04:45.139 DEBUG 10412 --- [restartedMain] o.s.w.s.handler.SimpleUrlHandlerMapping  : Patterns [/webjars/**, /**] in 'resourceHandlerMapping'
2019-12-06 12:04:45.149 DEBUG 10412 --- [restartedMain] .m.m.a.ExceptionHandlerExceptionResolver : ControllerAdvice beans: 0 @ExceptionHandler, 1 ResponseBodyAdvice
2019-12-06 12:04:45.399  INFO 10412 --- [restartedMain] o.s.b.d.a.OptionalLiveReloadServer       : LiveReload server is running on port 35729
2019-12-06 12:04:45.409  INFO 10412 --- [restartedMain] o.s.b.a.e.web.EndpointLinksResolver      : Exposing 16 endpoint(s) beneath base path '/actuator'
2019-12-06 12:04:45.414 TRACE 10412 --- [restartedMain] s.b.a.e.w.s.WebMvcEndpointHandlerMapping : Register "{GET /actuator/auditevents, produces [application/vnd.spring-boot.actuator.v2+json || application/json]}" to public java.lang.Object org.springframework.boot.actuate.endpoint.web.servlet.AbstractWebMvcEndpointHandlerMapping$OperationHandler.handle(javax.servlet.http.HttpServletRequest,java.util.Map<java.lang.String, java.lang.String>)
2019-12-06 12:04:45.416 TRACE 10412 --- [restartedMain] s.b.a.e.w.s.WebMvcEndpointHandlerMapping : Register "{GET /actuator/beans, produces [application/vnd.spring-boot.actuator.v2+json || application/json]}" to public java.lang.Object org.springframework.boot.actuate.endpoint.web.servlet.AbstractWebMvcEndpointHandlerMapping$OperationHandler.handle(javax.servlet.http.HttpServletRequest,java.util.Map<java.lang.String, java.lang.String>)
2019-12-06 12:04:45.417 TRACE 10412 --- [restartedMain] s.b.a.e.w.s.WebMvcEndpointHandlerMapping : Register "{GET /actuator/caches/{cache}, produces [application/vnd.spring-boot.actuator.v2+json || application/json]}" to public java.lang.Object org.springframework.boot.actuate.endpoint.web.servlet.AbstractWebMvcEndpointHandlerMapping$OperationHandler.handle(javax.servlet.http.HttpServletRequest,java.util.Map<java.lang.String, java.lang.String>)
2019-12-06 12:04:45.418 TRACE 10412 --- [restartedMain] s.b.a.e.w.s.WebMvcEndpointHandlerMapping : Register "{GET /actuator/caches, produces [application/vnd.spring-boot.actuator.v2+json || application/json]}" to public java.lang.Object org.springframework.boot.actuate.endpoint.web.servlet.AbstractWebMvcEndpointHandlerMapping$OperationHandler.handle(javax.servlet.http.HttpServletRequest,java.util.Map<java.lang.String, java.lang.String>)
2019-12-06 12:04:45.419 TRACE 10412 --- [restartedMain] s.b.a.e.w.s.WebMvcEndpointHandlerMapping : Register "{DELETE /actuator/caches/{cache}, produces [application/vnd.spring-boot.actuator.v2+json || application/json]}" to public java.lang.Object org.springframework.boot.actuate.endpoint.web.servlet.AbstractWebMvcEndpointHandlerMapping$OperationHandler.handle(javax.servlet.http.HttpServletRequest,java.util.Map<java.lang.String, java.lang.String>)
2019-12-06 12:04:45.420 TRACE 10412 --- [restartedMain] s.b.a.e.w.s.WebMvcEndpointHandlerMapping : Register "{DELETE /actuator/caches}" to public java.lang.Object org.springframework.boot.actuate.endpoint.web.servlet.AbstractWebMvcEndpointHandlerMapping$OperationHandler.handle(javax.servlet.http.HttpServletRequest,java.util.Map<java.lang.String, java.lang.String>)
2019-12-06 12:04:45.420 TRACE 10412 --- [restartedMain] s.b.a.e.w.s.WebMvcEndpointHandlerMapping : Register "{GET /actuator/health, produces [application/vnd.spring-boot.actuator.v2+json || application/json]}" to public java.lang.Object org.springframework.boot.actuate.endpoint.web.servlet.AbstractWebMvcEndpointHandlerMapping$OperationHandler.handle(javax.servlet.http.HttpServletRequest,java.util.Map<java.lang.String, java.lang.String>)
2019-12-06 12:04:45.421 TRACE 10412 --- [restartedMain] s.b.a.e.w.s.WebMvcEndpointHandlerMapping : Register "{GET /actuator/health/{component}, produces [application/vnd.spring-boot.actuator.v2+json || application/json]}" to public java.lang.Object org.springframework.boot.actuate.endpoint.web.servlet.AbstractWebMvcEndpointHandlerMapping$OperationHandler.handle(javax.servlet.http.HttpServletRequest,java.util.Map<java.lang.String, java.lang.String>)
2019-12-06 12:04:45.422 TRACE 10412 --- [restartedMain] s.b.a.e.w.s.WebMvcEndpointHandlerMapping : Register "{GET /actuator/health/{component}/{instance}, produces [application/vnd.spring-boot.actuator.v2+json || application/json]}" to public java.lang.Object org.springframework.boot.actuate.endpoint.web.servlet.AbstractWebMvcEndpointHandlerMapping$OperationHandler.handle(javax.servlet.http.HttpServletRequest,java.util.Map<java.lang.String, java.lang.String>)
2019-12-06 12:04:45.423 TRACE 10412 --- [restartedMain] s.b.a.e.w.s.WebMvcEndpointHandlerMapping : Register "{GET /actuator/conditions, produces [application/vnd.spring-boot.actuator.v2+json || application/json]}" to public java.lang.Object org.springframework.boot.actuate.endpoint.web.servlet.AbstractWebMvcEndpointHandlerMapping$OperationHandler.handle(javax.servlet.http.HttpServletRequest,java.util.Map<java.lang.String, java.lang.String>)
2019-12-06 12:04:45.424 TRACE 10412 --- [restartedMain] s.b.a.e.w.s.WebMvcEndpointHandlerMapping : Register "{GET /actuator/configprops, produces [application/vnd.spring-boot.actuator.v2+json || application/json]}" to public java.lang.Object org.springframework.boot.actuate.endpoint.web.servlet.AbstractWebMvcEndpointHandlerMapping$OperationHandler.handle(javax.servlet.http.HttpServletRequest,java.util.Map<java.lang.String, java.lang.String>)
2019-12-06 12:04:45.424 TRACE 10412 --- [restartedMain] s.b.a.e.w.s.WebMvcEndpointHandlerMapping : Register "{GET /actuator/env, produces [application/vnd.spring-boot.actuator.v2+json || application/json]}" to public java.lang.Object org.springframework.boot.actuate.endpoint.web.servlet.AbstractWebMvcEndpointHandlerMapping$OperationHandler.handle(javax.servlet.http.HttpServletRequest,java.util.Map<java.lang.String, java.lang.String>)
2019-12-06 12:04:45.425 TRACE 10412 --- [restartedMain] s.b.a.e.w.s.WebMvcEndpointHandlerMapping : Register "{GET /actuator/env/{toMatch}, produces [application/vnd.spring-boot.actuator.v2+json || application/json]}" to public java.lang.Object org.springframework.boot.actuate.endpoint.web.servlet.AbstractWebMvcEndpointHandlerMapping$OperationHandler.handle(javax.servlet.http.HttpServletRequest,java.util.Map<java.lang.String, java.lang.String>)
2019-12-06 12:04:45.426 TRACE 10412 --- [restartedMain] s.b.a.e.w.s.WebMvcEndpointHandlerMapping : Register "{GET /actuator/info, produces [application/vnd.spring-boot.actuator.v2+json || application/json]}" to public java.lang.Object org.springframework.boot.actuate.endpoint.web.servlet.AbstractWebMvcEndpointHandlerMapping$OperationHandler.handle(javax.servlet.http.HttpServletRequest,java.util.Map<java.lang.String, java.lang.String>)
2019-12-06 12:04:45.427 TRACE 10412 --- [restartedMain] s.b.a.e.w.s.WebMvcEndpointHandlerMapping : Register "{GET /actuator/logfile, produces [text/plain;charset=UTF-8]}" to public java.lang.Object org.springframework.boot.actuate.endpoint.web.servlet.AbstractWebMvcEndpointHandlerMapping$OperationHandler.handle(javax.servlet.http.HttpServletRequest,java.util.Map<java.lang.String, java.lang.String>)
2019-12-06 12:04:45.428 TRACE 10412 --- [restartedMain] s.b.a.e.w.s.WebMvcEndpointHandlerMapping : Register "{GET /actuator/loggers, produces [application/vnd.spring-boot.actuator.v2+json || application/json]}" to public java.lang.Object org.springframework.boot.actuate.endpoint.web.servlet.AbstractWebMvcEndpointHandlerMapping$OperationHandler.handle(javax.servlet.http.HttpServletRequest,java.util.Map<java.lang.String, java.lang.String>)
2019-12-06 12:04:45.429 TRACE 10412 --- [restartedMain] s.b.a.e.w.s.WebMvcEndpointHandlerMapping : Register "{GET /actuator/loggers/{name}, produces [application/vnd.spring-boot.actuator.v2+json || application/json]}" to public java.lang.Object org.springframework.boot.actuate.endpoint.web.servlet.AbstractWebMvcEndpointHandlerMapping$OperationHandler.handle(javax.servlet.http.HttpServletRequest,java.util.Map<java.lang.String, java.lang.String>)
2019-12-06 12:04:45.430 TRACE 10412 --- [restartedMain] s.b.a.e.w.s.WebMvcEndpointHandlerMapping : Register "{POST /actuator/loggers/{name}, consumes [application/vnd.spring-boot.actuator.v2+json || application/json]}" to public java.lang.Object org.springframework.boot.actuate.endpoint.web.servlet.AbstractWebMvcEndpointHandlerMapping$OperationHandler.handle(javax.servlet.http.HttpServletRequest,java.util.Map<java.lang.String, java.lang.String>)
2019-12-06 12:04:45.430 TRACE 10412 --- [restartedMain] s.b.a.e.w.s.WebMvcEndpointHandlerMapping : Register "{GET /actuator/heapdump, produces [application/octet-stream]}" to public java.lang.Object org.springframework.boot.actuate.endpoint.web.servlet.AbstractWebMvcEndpointHandlerMapping$OperationHandler.handle(javax.servlet.http.HttpServletRequest,java.util.Map<java.lang.String, java.lang.String>)
2019-12-06 12:04:45.431 TRACE 10412 --- [restartedMain] s.b.a.e.w.s.WebMvcEndpointHandlerMapping : Register "{GET /actuator/threaddump, produces [application/vnd.spring-boot.actuator.v2+json || application/json]}" to public java.lang.Object org.springframework.boot.actuate.endpoint.web.servlet.AbstractWebMvcEndpointHandlerMapping$OperationHandler.handle(javax.servlet.http.HttpServletRequest,java.util.Map<java.lang.String, java.lang.String>)
2019-12-06 12:04:45.431 TRACE 10412 --- [restartedMain] s.b.a.e.w.s.WebMvcEndpointHandlerMapping : Register "{GET /actuator/metrics, produces [application/vnd.spring-boot.actuator.v2+json || application/json]}" to public java.lang.Object org.springframework.boot.actuate.endpoint.web.servlet.AbstractWebMvcEndpointHandlerMapping$OperationHandler.handle(javax.servlet.http.HttpServletRequest,java.util.Map<java.lang.String, java.lang.String>)
2019-12-06 12:04:45.432 TRACE 10412 --- [restartedMain] s.b.a.e.w.s.WebMvcEndpointHandlerMapping : Register "{GET /actuator/metrics/{requiredMetricName}, produces [application/vnd.spring-boot.actuator.v2+json || application/json]}" to public java.lang.Object org.springframework.boot.actuate.endpoint.web.servlet.AbstractWebMvcEndpointHandlerMapping$OperationHandler.handle(javax.servlet.http.HttpServletRequest,java.util.Map<java.lang.String, java.lang.String>)
2019-12-06 12:04:45.432 TRACE 10412 --- [restartedMain] s.b.a.e.w.s.WebMvcEndpointHandlerMapping : Register "{GET /actuator/scheduledtasks, produces [application/vnd.spring-boot.actuator.v2+json || application/json]}" to public java.lang.Object org.springframework.boot.actuate.endpoint.web.servlet.AbstractWebMvcEndpointHandlerMapping$OperationHandler.handle(javax.servlet.http.HttpServletRequest,java.util.Map<java.lang.String, java.lang.String>)
2019-12-06 12:04:45.433 TRACE 10412 --- [restartedMain] s.b.a.e.w.s.WebMvcEndpointHandlerMapping : Register "{GET /actuator/httptrace, produces [application/vnd.spring-boot.actuator.v2+json || application/json]}" to public java.lang.Object org.springframework.boot.actuate.endpoint.web.servlet.AbstractWebMvcEndpointHandlerMapping$OperationHandler.handle(javax.servlet.http.HttpServletRequest,java.util.Map<java.lang.String, java.lang.String>)
2019-12-06 12:04:45.434 TRACE 10412 --- [restartedMain] s.b.a.e.w.s.WebMvcEndpointHandlerMapping : Register "{GET /actuator/mappings, produces [application/vnd.spring-boot.actuator.v2+json || application/json]}" to public java.lang.Object org.springframework.boot.actuate.endpoint.web.servlet.AbstractWebMvcEndpointHandlerMapping$OperationHandler.handle(javax.servlet.http.HttpServletRequest,java.util.Map<java.lang.String, java.lang.String>)
2019-12-06 12:04:45.435 TRACE 10412 --- [restartedMain] s.b.a.e.w.s.WebMvcEndpointHandlerMapping : Register "{GET /actuator, produces [application/vnd.spring-boot.actuator.v2+json || application/json]}" to public java.util.Map<java.lang.String, java.util.Map<java.lang.String, org.springframework.boot.actuate.endpoint.web.Link>> org.springframework.boot.actuate.endpoint.web.servlet.WebMvcEndpointHandlerMapping$WebMvcLinksHandler.links(javax.servlet.http.HttpServletRequest,javax.servlet.http.HttpServletResponse)
2019-12-06 12:04:45.643  INFO 10412 --- [restartedMain] o.s.b.w.embedded.tomcat.TomcatWebServer  : Tomcat started on port(s): 8888 (http) with context path '/one'
2019-12-06 12:04:45.647  INFO 10412 --- [restartedMain] com.dj.sample.App                        : Started App in 4.159 seconds (JVM running for 5.632)
2019-12-06 12:04:57.965  INFO 10412 --- [http-nio-8888-exec-2] o.a.c.c.C.[Tomcat].[localhost].[/one]    : Initializing Spring DispatcherServlet 'dispatcherServlet'
2019-12-06 12:04:57.966  INFO 10412 --- [http-nio-8888-exec-2] o.s.web.servlet.DispatcherServlet        : Initializing Servlet 'dispatcherServlet'
2019-12-06 12:04:57.966 TRACE 10412 --- [http-nio-8888-exec-2] o.s.web.servlet.DispatcherServlet        : Detected org.springframework.web.multipart.support.StandardServletMultipartResolver@5433a73f
2019-12-06 12:04:57.967 TRACE 10412 --- [http-nio-8888-exec-2] o.s.web.servlet.DispatcherServlet        : No LocaleResolver 'localeResolver': using default [AcceptHeaderLocaleResolver]
2019-12-06 12:04:57.968 TRACE 10412 --- [http-nio-8888-exec-2] o.s.web.servlet.DispatcherServlet        : No ThemeResolver 'themeResolver': using default [FixedThemeResolver]
2019-12-06 12:04:57.971 TRACE 10412 --- [http-nio-8888-exec-2] o.s.web.servlet.DispatcherServlet        : No RequestToViewNameTranslator 'viewNameTranslator': using default [DefaultRequestToViewNameTranslator]
2019-12-06 12:04:57.974 TRACE 10412 --- [http-nio-8888-exec-2] o.s.web.servlet.DispatcherServlet        : No FlashMapManager 'flashMapManager': using default [SessionFlashMapManager]
2019-12-06 12:04:57.975 DEBUG 10412 --- [http-nio-8888-exec-2] o.s.web.servlet.DispatcherServlet        : enableLoggingRequestDetails='false': request parameters and headers will be masked to prevent unsafe logging of potentially sensitive data
2019-12-06 12:04:57.975  INFO 10412 --- [http-nio-8888-exec-2] o.s.web.servlet.DispatcherServlet        : Completed initialization in 9 ms
2019-12-06 12:04:57.995 TRACE 10412 --- [http-nio-8888-exec-2] o.s.web.servlet.DispatcherServlet        : GET "/one/springboot/Message", parameters={}, headers={masked} in DispatcherServlet 'dispatcherServlet'
2019-12-06 12:04:58.015 TRACE 10412 --- [http-nio-8888-exec-2] s.w.s.m.m.a.RequestMappingHandlerMapping : Mapped to public java.lang.String com.dj.sample.controller.DjController.getMessage()
2019-12-06 12:04:58.033 TRACE 10412 --- [http-nio-8888-exec-2] .w.s.m.m.a.ServletInvocableHandlerMethod : Arguments: []
2019-12-06 12:04:58.065 DEBUG 10412 --- [http-nio-8888-exec-2] m.m.a.RequestResponseBodyMethodProcessor : Using 'text/html', given [text/html, application/xhtml+xml, image/webp, image/apng, application/signed-exchange;v=b3, application/xml;q=0.9, */*;q=0.8] and supported [text/plain, */*, text/plain, */*, application/json, application/*+json, application/json, application/*+json]
2019-12-06 12:04:58.067 TRACE 10412 --- [http-nio-8888-exec-2] m.m.a.RequestResponseBodyMethodProcessor : Writing ["Welcome to Spring Boot Application"]
2019-12-06 12:04:58.074 TRACE 10412 --- [http-nio-8888-exec-2] o.s.web.servlet.DispatcherServlet        : No view rendering, null ModelAndView returned.
2019-12-06 12:04:58.075 DEBUG 10412 --- [http-nio-8888-exec-2] o.s.web.servlet.DispatcherServlet        : Completed 200 OK, headers={masked}
2019-12-06 12:05:28.537  INFO 10412 --- [Thread-6] o.s.s.concurrent.ThreadPoolTaskExecutor  : Shutting down ExecutorService 'applicationTaskExecutor'
2019-12-06 12:05:29.232  INFO 10412 --- [restartedMain] com.dj.sample.App                        : Starting App on LIN86000021 with PID 10412 (started by kdheeraj in C:\Backup\Data -D\Apache Camel\springbootapplication)
2019-12-06 12:05:29.233  INFO 10412 --- [restartedMain] com.dj.sample.App                        : No active profile set, falling back to default profiles: default
2019-12-06 12:05:29.927  INFO 10412 --- [restartedMain] o.s.b.w.embedded.tomcat.TomcatWebServer  : Tomcat initialized with port(s): 8888 (http)
2019-12-06 12:05:29.930  INFO 10412 --- [restartedMain] o.apache.catalina.core.StandardService   : Starting service [Tomcat]
2019-12-06 12:05:29.930  INFO 10412 --- [restartedMain] org.apache.catalina.core.StandardEngine  : Starting Servlet engine: [Apache Tomcat/9.0.17]
2019-12-06 12:05:30.067  INFO 10412 --- [restartedMain] o.a.c.c.C.[Tomcat].[localhost].[/]       : Initializing Spring embedded WebApplicationContext
2019-12-06 12:05:30.068 DEBUG 10412 --- [restartedMain] o.s.web.context.ContextLoader            : Published root WebApplicationContext as ServletContext attribute with name [org.springframework.web.context.WebApplicationContext.ROOT]
2019-12-06 12:05:30.068  INFO 10412 --- [restartedMain] o.s.web.context.ContextLoader            : Root WebApplicationContext: initialization completed in 833 ms
2019-12-06 12:05:30.183 TRACE 10412 --- [restartedMain] o.s.b.w.s.ServletContextInitializerBeans : Added existing Filter initializer bean 'webMvcMetricsFilter'; order=-2147483647, resource=class path resource [org/springframework/boot/actuate/autoconfigure/metrics/web/servlet/WebMvcMetricsAutoConfiguration.class]
2019-12-06 12:05:30.183 TRACE 10412 --- [restartedMain] o.s.b.w.s.ServletContextInitializerBeans : Added existing Servlet initializer bean 'dispatcherServletRegistration'; order=2147483647, resource=class path resource [org/springframework/boot/autoconfigure/web/servlet/DispatcherServletAutoConfiguration$DispatcherServletRegistrationConfiguration.class]
2019-12-06 12:05:30.184 TRACE 10412 --- [restartedMain] o.s.b.w.s.ServletContextInitializerBeans : Added existing ServletContextInitializer initializer bean 'servletEndpointRegistrar'; order=2147483647, resource=class path resource [org/springframework/boot/actuate/autoconfigure/endpoint/web/ServletEndpointManagementContextConfiguration$WebMvcServletEndpointManagementContextConfiguration.class]
2019-12-06 12:05:30.194 TRACE 10412 --- [restartedMain] o.s.b.w.s.ServletContextInitializerBeans : Created Filter initializer for bean 'characterEncodingFilter'; order=-2147483648, resource=class path resource [org/springframework/boot/autoconfigure/web/servlet/HttpEncodingAutoConfiguration.class]
2019-12-06 12:05:30.195 TRACE 10412 --- [restartedMain] o.s.b.w.s.ServletContextInitializerBeans : Created Filter initializer for bean 'hiddenHttpMethodFilter'; order=-10000, resource=class path resource [org/springframework/boot/autoconfigure/web/servlet/WebMvcAutoConfiguration.class]
2019-12-06 12:05:30.195 TRACE 10412 --- [restartedMain] o.s.b.w.s.ServletContextInitializerBeans : Created Filter initializer for bean 'formContentFilter'; order=-9900, resource=class path resource [org/springframework/boot/autoconfigure/web/servlet/WebMvcAutoConfiguration.class]
2019-12-06 12:05:30.195 TRACE 10412 --- [restartedMain] o.s.b.w.s.ServletContextInitializerBeans : Created Filter initializer for bean 'requestContextFilter'; order=-105, resource=class path resource [org/springframework/boot/autoconfigure/web/servlet/WebMvcAutoConfiguration$WebMvcAutoConfigurationAdapter.class]
2019-12-06 12:05:30.195 TRACE 10412 --- [restartedMain] o.s.b.w.s.ServletContextInitializerBeans : Created Filter initializer for bean 'httpTraceFilter'; order=2147483637, resource=class path resource [org/springframework/boot/actuate/autoconfigure/trace/http/HttpTraceAutoConfiguration$ServletTraceFilterConfiguration.class]
2019-12-06 12:05:30.198 DEBUG 10412 --- [restartedMain] o.s.b.w.s.ServletContextInitializerBeans : Mapping filters: filterRegistrationBean urls=[/*], characterEncodingFilter urls=[/*], hiddenHttpMethodFilter urls=[/*], formContentFilter urls=[/*], requestContextFilter urls=[/*], httpTraceFilter urls=[/*]
2019-12-06 12:05:30.199 DEBUG 10412 --- [restartedMain] o.s.b.w.s.ServletContextInitializerBeans : Mapping servlets: dispatcherServlet urls=[/]
2019-12-06 12:05:30.233 TRACE 10412 --- [restartedMain] o.s.w.s.handler.SimpleUrlHandlerMapping  : Mapped [/**/favicon.ico] onto ResourceHttpRequestHandler [class path resource [META-INF/resources/], class path resource [resources/], class path resource [static/], class path resource [public/], ServletContext resource [/], class path resource []]
2019-12-06 12:05:30.236 DEBUG 10412 --- [restartedMain] o.s.w.s.handler.SimpleUrlHandlerMapping  : Patterns [/**/favicon.ico] in 'faviconHandlerMapping'
2019-12-06 12:05:30.271  INFO 10412 --- [restartedMain] o.s.s.concurrent.ThreadPoolTaskExecutor  : Initializing ExecutorService 'applicationTaskExecutor'
2019-12-06 12:05:30.276 DEBUG 10412 --- [restartedMain] s.w.s.m.m.a.RequestMappingHandlerAdapter : ControllerAdvice beans: 0 @ModelAttribute, 0 @InitBinder, 1 RequestBodyAdvice, 1 ResponseBodyAdvice
2019-12-06 12:05:30.282 TRACE 10412 --- [restartedMain] s.w.s.m.m.a.RequestMappingHandlerMapping : 
	c.d.s.c.DjController:
	{GET /springboot/Message}: getMessage()
2019-12-06 12:05:30.296 TRACE 10412 --- [restartedMain] s.w.s.m.m.a.RequestMappingHandlerMapping : 
	o.s.b.a.w.s.e.BasicErrorController:
	{ /error}: error(HttpServletRequest)
	{ /error, produces [text/html]}: errorHtml(HttpServletRequest,HttpServletResponse)
2019-12-06 12:05:30.328 DEBUG 10412 --- [restartedMain] s.w.s.m.m.a.RequestMappingHandlerMapping : 3 mappings in 'requestMappingHandlerMapping'
2019-12-06 12:05:30.331 DEBUG 10412 --- [restartedMain] o.s.w.s.h.BeanNameUrlHandlerMapping      : Detected 0 mappings in 'beanNameHandlerMapping'
2019-12-06 12:05:30.334 TRACE 10412 --- [restartedMain] o.s.w.s.handler.SimpleUrlHandlerMapping  : Mapped [/webjars/**] onto ResourceHttpRequestHandler ["classpath:/META-INF/resources/webjars/"]
2019-12-06 12:05:30.334 TRACE 10412 --- [restartedMain] o.s.w.s.handler.SimpleUrlHandlerMapping  : Mapped [/**] onto ResourceHttpRequestHandler ["classpath:/META-INF/resources/", "classpath:/resources/", "classpath:/static/", "classpath:/public/", "/"]
2019-12-06 12:05:30.334 DEBUG 10412 --- [restartedMain] o.s.w.s.handler.SimpleUrlHandlerMapping  : Patterns [/webjars/**, /**] in 'resourceHandlerMapping'
2019-12-06 12:05:30.341 DEBUG 10412 --- [restartedMain] .m.m.a.ExceptionHandlerExceptionResolver : ControllerAdvice beans: 0 @ExceptionHandler, 1 ResponseBodyAdvice
2019-12-06 12:05:30.540  INFO 10412 --- [restartedMain] o.s.b.d.a.OptionalLiveReloadServer       : LiveReload server is running on port 35729
2019-12-06 12:05:30.546  INFO 10412 --- [restartedMain] o.s.b.a.e.web.EndpointLinksResolver      : Exposing 16 endpoint(s) beneath base path '/actuator'
2019-12-06 12:05:30.548 TRACE 10412 --- [restartedMain] s.b.a.e.w.s.WebMvcEndpointHandlerMapping : Register "{GET /actuator/auditevents, produces [application/vnd.spring-boot.actuator.v2+json || application/json]}" to public java.lang.Object org.springframework.boot.actuate.endpoint.web.servlet.AbstractWebMvcEndpointHandlerMapping$OperationHandler.handle(javax.servlet.http.HttpServletRequest,java.util.Map<java.lang.String, java.lang.String>)
2019-12-06 12:05:30.549 TRACE 10412 --- [restartedMain] s.b.a.e.w.s.WebMvcEndpointHandlerMapping : Register "{GET /actuator/beans, produces [application/vnd.spring-boot.actuator.v2+json || application/json]}" to public java.lang.Object org.springframework.boot.actuate.endpoint.web.servlet.AbstractWebMvcEndpointHandlerMapping$OperationHandler.handle(javax.servlet.http.HttpServletRequest,java.util.Map<java.lang.String, java.lang.String>)
2019-12-06 12:05:30.550 TRACE 10412 --- [restartedMain] s.b.a.e.w.s.WebMvcEndpointHandlerMapping : Register "{GET /actuator/caches/{cache}, produces [application/vnd.spring-boot.actuator.v2+json || application/json]}" to public java.lang.Object org.springframework.boot.actuate.endpoint.web.servlet.AbstractWebMvcEndpointHandlerMapping$OperationHandler.handle(javax.servlet.http.HttpServletRequest,java.util.Map<java.lang.String, java.lang.String>)
2019-12-06 12:05:30.550 TRACE 10412 --- [restartedMain] s.b.a.e.w.s.WebMvcEndpointHandlerMapping : Register "{GET /actuator/caches, produces [application/vnd.spring-boot.actuator.v2+json || application/json]}" to public java.lang.Object org.springframework.boot.actuate.endpoint.web.servlet.AbstractWebMvcEndpointHandlerMapping$OperationHandler.handle(javax.servlet.http.HttpServletRequest,java.util.Map<java.lang.String, java.lang.String>)
2019-12-06 12:05:30.551 TRACE 10412 --- [restartedMain] s.b.a.e.w.s.WebMvcEndpointHandlerMapping : Register "{DELETE /actuator/caches/{cache}, produces [application/vnd.spring-boot.actuator.v2+json || application/json]}" to public java.lang.Object org.springframework.boot.actuate.endpoint.web.servlet.AbstractWebMvcEndpointHandlerMapping$OperationHandler.handle(javax.servlet.http.HttpServletRequest,java.util.Map<java.lang.String, java.lang.String>)
2019-12-06 12:05:30.551 TRACE 10412 --- [restartedMain] s.b.a.e.w.s.WebMvcEndpointHandlerMapping : Register "{DELETE /actuator/caches}" to public java.lang.Object org.springframework.boot.actuate.endpoint.web.servlet.AbstractWebMvcEndpointHandlerMapping$OperationHandler.handle(javax.servlet.http.HttpServletRequest,java.util.Map<java.lang.String, java.lang.String>)
2019-12-06 12:05:30.552 TRACE 10412 --- [restartedMain] s.b.a.e.w.s.WebMvcEndpointHandlerMapping : Register "{GET /actuator/health, produces [application/vnd.spring-boot.actuator.v2+json || application/json]}" to public java.lang.Object org.springframework.boot.actuate.endpoint.web.servlet.AbstractWebMvcEndpointHandlerMapping$OperationHandler.handle(javax.servlet.http.HttpServletRequest,java.util.Map<java.lang.String, java.lang.String>)
2019-12-06 12:05:30.552 TRACE 10412 --- [restartedMain] s.b.a.e.w.s.WebMvcEndpointHandlerMapping : Register "{GET /actuator/health/{component}, produces [application/vnd.spring-boot.actuator.v2+json || application/json]}" to public java.lang.Object org.springframework.boot.actuate.endpoint.web.servlet.AbstractWebMvcEndpointHandlerMapping$OperationHandler.handle(javax.servlet.http.HttpServletRequest,java.util.Map<java.lang.String, java.lang.String>)
2019-12-06 12:05:30.553 TRACE 10412 --- [restartedMain] s.b.a.e.w.s.WebMvcEndpointHandlerMapping : Register "{GET /actuator/health/{component}/{instance}, produces [application/vnd.spring-boot.actuator.v2+json || application/json]}" to public java.lang.Object org.springframework.boot.actuate.endpoint.web.servlet.AbstractWebMvcEndpointHandlerMapping$OperationHandler.handle(javax.servlet.http.HttpServletRequest,java.util.Map<java.lang.String, java.lang.String>)
2019-12-06 12:05:30.553 TRACE 10412 --- [restartedMain] s.b.a.e.w.s.WebMvcEndpointHandlerMapping : Register "{GET /actuator/conditions, produces [application/vnd.spring-boot.actuator.v2+json || application/json]}" to public java.lang.Object org.springframework.boot.actuate.endpoint.web.servlet.AbstractWebMvcEndpointHandlerMapping$OperationHandler.handle(javax.servlet.http.HttpServletRequest,java.util.Map<java.lang.String, java.lang.String>)
2019-12-06 12:05:30.554 TRACE 10412 --- [restartedMain] s.b.a.e.w.s.WebMvcEndpointHandlerMapping : Register "{GET /actuator/configprops, produces [application/vnd.spring-boot.actuator.v2+json || application/json]}" to public java.lang.Object org.springframework.boot.actuate.endpoint.web.servlet.AbstractWebMvcEndpointHandlerMapping$OperationHandler.handle(javax.servlet.http.HttpServletRequest,java.util.Map<java.lang.String, java.lang.String>)
2019-12-06 12:05:30.555 TRACE 10412 --- [restartedMain] s.b.a.e.w.s.WebMvcEndpointHandlerMapping : Register "{GET /actuator/env, produces [application/vnd.spring-boot.actuator.v2+json || application/json]}" to public java.lang.Object org.springframework.boot.actuate.endpoint.web.servlet.AbstractWebMvcEndpointHandlerMapping$OperationHandler.handle(javax.servlet.http.HttpServletRequest,java.util.Map<java.lang.String, java.lang.String>)
2019-12-06 12:05:30.555 TRACE 10412 --- [restartedMain] s.b.a.e.w.s.WebMvcEndpointHandlerMapping : Register "{GET /actuator/env/{toMatch}, produces [application/vnd.spring-boot.actuator.v2+json || application/json]}" to public java.lang.Object org.springframework.boot.actuate.endpoint.web.servlet.AbstractWebMvcEndpointHandlerMapping$OperationHandler.handle(javax.servlet.http.HttpServletRequest,java.util.Map<java.lang.String, java.lang.String>)
2019-12-06 12:05:30.556 TRACE 10412 --- [restartedMain] s.b.a.e.w.s.WebMvcEndpointHandlerMapping : Register "{GET /actuator/info, produces [application/vnd.spring-boot.actuator.v2+json || application/json]}" to public java.lang.Object org.springframework.boot.actuate.endpoint.web.servlet.AbstractWebMvcEndpointHandlerMapping$OperationHandler.handle(javax.servlet.http.HttpServletRequest,java.util.Map<java.lang.String, java.lang.String>)
2019-12-06 12:05:30.556 TRACE 10412 --- [restartedMain] s.b.a.e.w.s.WebMvcEndpointHandlerMapping : Register "{GET /actuator/logfile, produces [text/plain;charset=UTF-8]}" to public java.lang.Object org.springframework.boot.actuate.endpoint.web.servlet.AbstractWebMvcEndpointHandlerMapping$OperationHandler.handle(javax.servlet.http.HttpServletRequest,java.util.Map<java.lang.String, java.lang.String>)
2019-12-06 12:05:30.557 TRACE 10412 --- [restartedMain] s.b.a.e.w.s.WebMvcEndpointHandlerMapping : Register "{GET /actuator/loggers, produces [application/vnd.spring-boot.actuator.v2+json || application/json]}" to public java.lang.Object org.springframework.boot.actuate.endpoint.web.servlet.AbstractWebMvcEndpointHandlerMapping$OperationHandler.handle(javax.servlet.http.HttpServletRequest,java.util.Map<java.lang.String, java.lang.String>)
2019-12-06 12:05:30.557 TRACE 10412 --- [restartedMain] s.b.a.e.w.s.WebMvcEndpointHandlerMapping : Register "{GET /actuator/loggers/{name}, produces [application/vnd.spring-boot.actuator.v2+json || application/json]}" to public java.lang.Object org.springframework.boot.actuate.endpoint.web.servlet.AbstractWebMvcEndpointHandlerMapping$OperationHandler.handle(javax.servlet.http.HttpServletRequest,java.util.Map<java.lang.String, java.lang.String>)
2019-12-06 12:05:30.558 TRACE 10412 --- [restartedMain] s.b.a.e.w.s.WebMvcEndpointHandlerMapping : Register "{POST /actuator/loggers/{name}, consumes [application/vnd.spring-boot.actuator.v2+json || application/json]}" to public java.lang.Object org.springframework.boot.actuate.endpoint.web.servlet.AbstractWebMvcEndpointHandlerMapping$OperationHandler.handle(javax.servlet.http.HttpServletRequest,java.util.Map<java.lang.String, java.lang.String>)
2019-12-06 12:05:30.558 TRACE 10412 --- [restartedMain] s.b.a.e.w.s.WebMvcEndpointHandlerMapping : Register "{GET /actuator/heapdump, produces [application/octet-stream]}" to public java.lang.Object org.springframework.boot.actuate.endpoint.web.servlet.AbstractWebMvcEndpointHandlerMapping$OperationHandler.handle(javax.servlet.http.HttpServletRequest,java.util.Map<java.lang.String, java.lang.String>)
2019-12-06 12:05:30.559 TRACE 10412 --- [restartedMain] s.b.a.e.w.s.WebMvcEndpointHandlerMapping : Register "{GET /actuator/threaddump, produces [application/vnd.spring-boot.actuator.v2+json || application/json]}" to public java.lang.Object org.springframework.boot.actuate.endpoint.web.servlet.AbstractWebMvcEndpointHandlerMapping$OperationHandler.handle(javax.servlet.http.HttpServletRequest,java.util.Map<java.lang.String, java.lang.String>)
2019-12-06 12:05:30.559 TRACE 10412 --- [restartedMain] s.b.a.e.w.s.WebMvcEndpointHandlerMapping : Register "{GET /actuator/metrics, produces [application/vnd.spring-boot.actuator.v2+json || application/json]}" to public java.lang.Object org.springframework.boot.actuate.endpoint.web.servlet.AbstractWebMvcEndpointHandlerMapping$OperationHandler.handle(javax.servlet.http.HttpServletRequest,java.util.Map<java.lang.String, java.lang.String>)
2019-12-06 12:05:30.560 TRACE 10412 --- [restartedMain] s.b.a.e.w.s.WebMvcEndpointHandlerMapping : Register "{GET /actuator/metrics/{requiredMetricName}, produces [application/vnd.spring-boot.actuator.v2+json || application/json]}" to public java.lang.Object org.springframework.boot.actuate.endpoint.web.servlet.AbstractWebMvcEndpointHandlerMapping$OperationHandler.handle(javax.servlet.http.HttpServletRequest,java.util.Map<java.lang.String, java.lang.String>)
2019-12-06 12:05:30.561 TRACE 10412 --- [restartedMain] s.b.a.e.w.s.WebMvcEndpointHandlerMapping : Register "{GET /actuator/scheduledtasks, produces [application/vnd.spring-boot.actuator.v2+json || application/json]}" to public java.lang.Object org.springframework.boot.actuate.endpoint.web.servlet.AbstractWebMvcEndpointHandlerMapping$OperationHandler.handle(javax.servlet.http.HttpServletRequest,java.util.Map<java.lang.String, java.lang.String>)
2019-12-06 12:05:30.563 TRACE 10412 --- [restartedMain] s.b.a.e.w.s.WebMvcEndpointHandlerMapping : Register "{GET /actuator/httptrace, produces [application/vnd.spring-boot.actuator.v2+json || application/json]}" to public java.lang.Object org.springframework.boot.actuate.endpoint.web.servlet.AbstractWebMvcEndpointHandlerMapping$OperationHandler.handle(javax.servlet.http.HttpServletRequest,java.util.Map<java.lang.String, java.lang.String>)
2019-12-06 12:05:30.563 TRACE 10412 --- [restartedMain] s.b.a.e.w.s.WebMvcEndpointHandlerMapping : Register "{GET /actuator/mappings, produces [application/vnd.spring-boot.actuator.v2+json || application/json]}" to public java.lang.Object org.springframework.boot.actuate.endpoint.web.servlet.AbstractWebMvcEndpointHandlerMapping$OperationHandler.handle(javax.servlet.http.HttpServletRequest,java.util.Map<java.lang.String, java.lang.String>)
2019-12-06 12:05:30.564 TRACE 10412 --- [restartedMain] s.b.a.e.w.s.WebMvcEndpointHandlerMapping : Register "{GET /actuator, produces [application/vnd.spring-boot.actuator.v2+json || application/json]}" to public java.util.Map<java.lang.String, java.util.Map<java.lang.String, org.springframework.boot.actuate.endpoint.web.Link>> org.springframework.boot.actuate.endpoint.web.servlet.WebMvcEndpointHandlerMapping$WebMvcLinksHandler.links(javax.servlet.http.HttpServletRequest,javax.servlet.http.HttpServletResponse)
2019-12-06 12:05:30.606  INFO 10412 --- [restartedMain] o.s.b.w.embedded.tomcat.TomcatWebServer  : Tomcat started on port(s): 8888 (http) with context path ''
2019-12-06 12:05:30.607  INFO 10412 --- [restartedMain] com.dj.sample.App                        : Started App in 1.406 seconds (JVM running for 50.592)
2019-12-06 12:05:30.613  INFO 10412 --- [restartedMain] .ConditionEvaluationDeltaLoggingListener : Condition evaluation unchanged
2019-12-06 12:05:38.935  INFO 10412 --- [http-nio-8888-exec-1] o.a.c.c.C.[Tomcat].[localhost].[/]       : Initializing Spring DispatcherServlet 'dispatcherServlet'
2019-12-06 12:05:38.937  INFO 10412 --- [http-nio-8888-exec-1] o.s.web.servlet.DispatcherServlet        : Initializing Servlet 'dispatcherServlet'
2019-12-06 12:05:38.938 TRACE 10412 --- [http-nio-8888-exec-1] o.s.web.servlet.DispatcherServlet        : Detected org.springframework.web.multipart.support.StandardServletMultipartResolver@cfd09bc
2019-12-06 12:05:38.942 TRACE 10412 --- [http-nio-8888-exec-1] o.s.web.servlet.DispatcherServlet        : No LocaleResolver 'localeResolver': using default [AcceptHeaderLocaleResolver]
2019-12-06 12:05:38.943 TRACE 10412 --- [http-nio-8888-exec-1] o.s.web.servlet.DispatcherServlet        : No ThemeResolver 'themeResolver': using default [FixedThemeResolver]
2019-12-06 12:05:38.946 TRACE 10412 --- [http-nio-8888-exec-1] o.s.web.servlet.DispatcherServlet        : No RequestToViewNameTranslator 'viewNameTranslator': using default [DefaultRequestToViewNameTranslator]
2019-12-06 12:05:38.948 TRACE 10412 --- [http-nio-8888-exec-1] o.s.web.servlet.DispatcherServlet        : No FlashMapManager 'flashMapManager': using default [SessionFlashMapManager]
2019-12-06 12:05:38.948 DEBUG 10412 --- [http-nio-8888-exec-1] o.s.web.servlet.DispatcherServlet        : enableLoggingRequestDetails='false': request parameters and headers will be masked to prevent unsafe logging of potentially sensitive data
2019-12-06 12:05:38.948  INFO 10412 --- [http-nio-8888-exec-1] o.s.web.servlet.DispatcherServlet        : Completed initialization in 10 ms
2019-12-06 12:05:38.950 TRACE 10412 --- [http-nio-8888-exec-1] o.s.web.servlet.DispatcherServlet        : GET "/one/springboot/Message", parameters={}, headers={masked} in DispatcherServlet 'dispatcherServlet'
2019-12-06 12:05:38.967 TRACE 10412 --- [http-nio-8888-exec-1] o.s.w.s.handler.SimpleUrlHandlerMapping  : Mapped to HandlerExecutionChain with [ResourceHttpRequestHandler ["classpath:/META-INF/resources/", "classpath:/resources/", "classpath:/static/", "classpath:/public/", "/"]] and 4 interceptors
2019-12-06 12:05:38.972 DEBUG 10412 --- [http-nio-8888-exec-1] o.s.w.s.r.ResourceHttpRequestHandler     : Resource not found
2019-12-06 12:05:38.973 TRACE 10412 --- [http-nio-8888-exec-1] o.s.web.servlet.DispatcherServlet        : No view rendering, null ModelAndView returned.
2019-12-06 12:05:38.973 DEBUG 10412 --- [http-nio-8888-exec-1] o.s.web.servlet.DispatcherServlet        : Completed 404 NOT_FOUND, headers={}
2019-12-06 12:05:38.987 TRACE 10412 --- [http-nio-8888-exec-1] o.s.web.servlet.DispatcherServlet        : "ERROR" dispatch for GET "/error", parameters={}, headers={masked} in DispatcherServlet 'dispatcherServlet'
2019-12-06 12:05:38.997 TRACE 10412 --- [http-nio-8888-exec-1] s.w.s.m.m.a.RequestMappingHandlerMapping : 2 matching mappings: [{ /error, produces [text/html]}, { /error}]
2019-12-06 12:05:38.997 TRACE 10412 --- [http-nio-8888-exec-1] s.w.s.m.m.a.RequestMappingHandlerMapping : Mapped to public org.springframework.web.servlet.ModelAndView org.springframework.boot.autoconfigure.web.servlet.error.BasicErrorController.errorHtml(javax.servlet.http.HttpServletRequest,javax.servlet.http.HttpServletResponse)
2019-12-06 12:05:39.005 TRACE 10412 --- [http-nio-8888-exec-1] .w.s.m.m.a.ServletInvocableHandlerMethod : Arguments: [org.apache.catalina.core.ApplicationHttpRequest@1d60f950, org.apache.catalina.connector.ResponseFacade@261fa625]
2019-12-06 12:05:39.017 DEBUG 10412 --- [http-nio-8888-exec-1] o.s.w.s.v.ContentNegotiatingViewResolver : Selected 'text/html' given [text/html, text/html;q=0.8]
2019-12-06 12:05:39.017 TRACE 10412 --- [http-nio-8888-exec-1] o.s.web.servlet.DispatcherServlet        : Rendering view [org.springframework.boot.autoconfigure.web.servlet.error.ErrorMvcAutoConfiguration$StaticView@6585667f] 
2019-12-06 12:05:39.024 DEBUG 10412 --- [http-nio-8888-exec-1] o.s.web.servlet.DispatcherServlet        : Exiting from "ERROR" dispatch, status 404, headers={}
2019-12-06 12:05:43.073 TRACE 10412 --- [http-nio-8888-exec-2] o.s.web.servlet.DispatcherServlet        : GET "/springboot/Message", parameters={}, headers={masked} in DispatcherServlet 'dispatcherServlet'
2019-12-06 12:05:43.080 TRACE 10412 --- [http-nio-8888-exec-2] s.w.s.m.m.a.RequestMappingHandlerMapping : Mapped to public java.lang.String com.dj.sample.controller.DjController.getMessage()
2019-12-06 12:05:43.081 TRACE 10412 --- [http-nio-8888-exec-2] .w.s.m.m.a.ServletInvocableHandlerMethod : Arguments: []
2019-12-06 12:05:43.083 DEBUG 10412 --- [http-nio-8888-exec-2] m.m.a.RequestResponseBodyMethodProcessor : Using 'text/html', given [text/html, application/xhtml+xml, image/webp, image/apng, application/signed-exchange;v=b3, application/xml;q=0.9, */*;q=0.8] and supported [text/plain, */*, text/plain, */*, application/json, application/*+json, application/json, application/*+json]
2019-12-06 12:05:43.083 TRACE 10412 --- [http-nio-8888-exec-2] m.m.a.RequestResponseBodyMethodProcessor : Writing ["Welcome to Spring Boot Application"]
2019-12-06 12:05:43.087 TRACE 10412 --- [http-nio-8888-exec-2] o.s.web.servlet.DispatcherServlet        : No view rendering, null ModelAndView returned.
2019-12-06 12:05:43.087 DEBUG 10412 --- [http-nio-8888-exec-2] o.s.web.servlet.DispatcherServlet        : Completed 200 OK, headers={masked}
